Initializing document watcher...
Detected change in configuration: {}
nodejs-api-react/api/controller/acountController.js: {}
nodejs-api-react/api/controller/personController.js: {}
nodejs-api-react/api/controller/acountController.js: {}
nodejs-api-react/api/controller/acountController.js: {}
nodejs-api-react/api/controller/acountController.js: {}
nodejs-api-react/api/controller/acountController.js: Using EditorConfig core...
nodejs-api-react/api/controller/acountController.js: Using EditorConfig core...
nodejs-api-react/api/controller/acountController.js: Using EditorConfig core...
nodejs-api-react/api/controller/acountController.js: Using EditorConfig core...
nodejs-api-react/api/controller/acountController.js: Using EditorConfig core...
nodejs-api-react/api/controller/acountController.js: Using EditorConfig core...
nodejs-api-react/api/controller/acountController.js: Using EditorConfig core...
nodejs-api-react/api/controller/acountController.js: Using EditorConfig core...
nodejs-api-react/api/controller/acountController.js: Using EditorConfig core...
nodejs-api-react/api/controller/acountController.js: Using EditorConfig core...
nodejs-api-react/api/controller/acountController.js: Using EditorConfig core...
nodejs-api-react/api/controller/acountController.js: Using EditorConfig core...
nodejs-api-react/api/controller/acountController.js: Using EditorConfig core...
nodejs-api-react/api/controller/acountController.js: Using EditorConfig core...
nodejs-api-react/api/controller/acountController.js: Using EditorConfig core...
nodejs-api-react/api/controller/acountController.js: Using EditorConfig core...
nodejs-api-react/api/controller/acountController.js: Using EditorConfig core...
nodejs-api-react/api/controller/acountController.js: Using EditorConfig core...
nodejs-api-react/api/controller/acountController.js: Using EditorConfig core...
nodejs-api-react/api/controller/acountController.js: Using EditorConfig core...
nodejs-api-react/api/controller/acountController.js: Using EditorConfig core...
nodejs-api-react/api/controller/acountController.js: Using EditorConfig core...
nodejs-api-react/api/controller/acountController.js: {}
nodejs-api-react/api/controller/acountController.js: Using EditorConfig core...
nodejs-api-react/api/controller/acountController.js: Using EditorConfig core...
nodejs-api-react/api/controller/acountController.js: Using EditorConfig core...
nodejs-api-react/api/controller/acountController.js: Using EditorConfig core...
nodejs-api-react/api/controller/acountController.js: Using EditorConfig core...
nodejs-api-react/api/controller/acountController.js: Using EditorConfig core...
nodejs-api-react/api/controller/acountController.js: Using EditorConfig core...
nodejs-api-react/api/controller/acountController.js: Using EditorConfig core...
nodejs-api-react/api/controller/acountController.js: Using EditorConfig core...
nodejs-api-react/api/controller/acountController.js: {}
nodejs-api-react/api/controller/acountController.js: Using EditorConfig core...
nodejs-api-react/api/controller/acountController.js: Using EditorConfig core...
nodejs-api-react/api/controller/acountController.js: Using EditorConfig core...
nodejs-api-react/api/controller/acountController.js: Using EditorConfig core...
nodejs-api-react/api/controller/acountController.js: Using EditorConfig core...
nodejs-api-react/api/controller/acountController.js: Using EditorConfig core...
nodejs-api-react/api/controller/acountController.js: Using EditorConfig core...
nodejs-api-react/api/controller/acountController.js: Using EditorConfig core...
nodejs-api-react/api/controller/acountController.js: Using EditorConfig core...
nodejs-api-react/api/controller/acountController.js: Using EditorConfig core...
nodejs-api-react/api/controller/acountController.js: {}
nodejs-api-react/api/controller/acountController.js: {}
nodejs-api-react/api/controller/acountController.js: Using EditorConfig core...
nodejs-api-react/api/controller/acountController.js: Using EditorConfig core...
nodejs-api-react/api/controller/acountController.js: Using EditorConfig core...
nodejs-api-react/api/controller/acountController.js: Using EditorConfig core...
nodejs-api-react/api/controller/acountController.js: Using EditorConfig core...
nodejs-api-react/api/controller/acountController.js: Using EditorConfig core...
nodejs-api-react/api/controller/acountController.js: Using EditorConfig core...
nodejs-api-react/api/controller/acountController.js: Using EditorConfig core...
nodejs-api-react/api/controller/acountController.js: {}
nodejs-api-react/api/controller/acountController.js: Using EditorConfig core...
nodejs-api-react/api/controller/acountController.js: Using EditorConfig core...
nodejs-api-react/api/controller/acountController.js: Using EditorConfig core...
nodejs-api-react/api/controller/acountController.js: Using EditorConfig core...
nodejs-api-react/api/controller/acountController.js: Using EditorConfig core...
nodejs-api-react/api/controller/acountController.js: Using EditorConfig core...
nodejs-api-react/api/controller/acountController.js: Using EditorConfig core...
nodejs-api-react/api/controller/acountController.js: Using EditorConfig core...
nodejs-api-react/api/controller/acountController.js: {}
nodejs-api-react/api/controller/acountController.js: {}
nodejs-api-react/api/model/persons.js: {}
nodejs-api-react/api/model/persons.js: {}
nodejs-api-react/api/controller/acountController.js: {}
nodejs-api-react/api/controller/acountController.js: {}
nodejs-api-react/api/controller/acountController.js: Using EditorConfig core...
nodejs-api-react/api/controller/acountController.js: Using EditorConfig core...
nodejs-api-react/api/controller/acountController.js: Using EditorConfig core...
nodejs-api-react/api/controller/acountController.js: Using EditorConfig core...
nodejs-api-react/api/controller/acountController.js: Using EditorConfig core...
nodejs-api-react/api/controller/acountController.js: Using EditorConfig core...
nodejs-api-react/api/controller/acountController.js: Using EditorConfig core...
nodejs-api-react/api/controller/acountController.js: Using EditorConfig core...
nodejs-api-react/api/controller/acountController.js: Using EditorConfig core...
nodejs-api-react/api/controller/acountController.js: Using EditorConfig core...
nodejs-api-react/api/controller/acountController.js: Using EditorConfig core...
nodejs-api-react/api/controller/acountController.js: Using EditorConfig core...
nodejs-api-react/api/controller/acountController.js: Using EditorConfig core...
nodejs-api-react/api/controller/acountController.js: Using EditorConfig core...
nodejs-api-react/api/controller/acountController.js: Using EditorConfig core...
nodejs-api-react/api/controller/acountController.js: Using EditorConfig core...
nodejs-api-react/api/controller/acountController.js: {}
nodejs-api-react/api/controller/acountController.js: Using EditorConfig core...
nodejs-api-react/api/controller/acountController.js: Using EditorConfig core...
nodejs-api-react/api/controller/acountController.js: Using EditorConfig core...
nodejs-api-react/api/controller/acountController.js: Using EditorConfig core...
nodejs-api-react/api/controller/acountController.js: Using EditorConfig core...
nodejs-api-react/api/controller/acountController.js: Using EditorConfig core...
nodejs-api-react/api/controller/acountController.js: Using EditorConfig core...
nodejs-api-react/api/controller/acountController.js: Using EditorConfig core...
nodejs-api-react/api/controller/acountController.js: Using EditorConfig core...
nodejs-api-react/api/controller/acountController.js: {}
nodejs-api-react/api/router/persons.js: {}
nodejs-api-react/api/router/acount.js: {}
nodejs-api-react/api/router/acount.js: Using EditorConfig core...
nodejs-api-react/api/router/acount.js: Using EditorConfig core...
nodejs-api-react/api/router/acount.js: Using EditorConfig core...
nodejs-api-react/api/router/acount.js: Using EditorConfig core...
nodejs-api-react/api/router/acount.js: Using EditorConfig core...
nodejs-api-react/api/router/acount.js: Using EditorConfig core...
nodejs-api-react/api/router/acount.js: Using EditorConfig core...
nodejs-api-react/api/router/acount.js: Using EditorConfig core...
nodejs-api-react/api/router/acount.js: Using EditorConfig core...
nodejs-api-react/api/router/acount.js: Using EditorConfig core...
nodejs-api-react/api/controller/acountController.js: {}
nodejs-api-react/api/controller/acountController.js: {}
nodejs-api-react/api/router/acount.js: {}
nodejs-api-react/api/controller/acountController.js: {}
nodejs-api-react/api/controller/acountController.js: {}
nodejs-api-react/api/router/acount.js: {}
nodejs-api-react/api/controller/acountController.js: {}
nodejs-api-react/api/controller/acountController.js: {}
nodejs-api-react/api/controller/acountController.js: Using EditorConfig core...
nodejs-api-react/api/controller/acountController.js: Using EditorConfig core...
nodejs-api-react/api/controller/acountController.js: Using EditorConfig core...
nodejs-api-react/api/controller/acountController.js: Using EditorConfig core...
nodejs-api-react/api/controller/acountController.js: Using EditorConfig core...
nodejs-api-react/api/controller/acountController.js: Using EditorConfig core...
nodejs-api-react/api/controller/acountController.js: {}
nodejs-api-react/api/controller/acountController.js: Using EditorConfig core...
nodejs-api-react/api/controller/acountController.js: Using EditorConfig core...
nodejs-api-react/api/controller/acountController.js: Using EditorConfig core...
nodejs-api-react/api/controller/acountController.js: Using EditorConfig core...
nodejs-api-react/api/controller/acountController.js: {}
nodejs-api-react/api/controller/acountController.js: {}
nodejs-api-react/api/controller/acountController.js: Using EditorConfig core...
nodejs-api-react/api/controller/acountController.js: {}
nodejs-api-react/api/controller/acountController.js: {}
nodejs-api-react/api/router/acount.js: {}
nodejs-api-react/api/router/acount.js: Using EditorConfig core...
nodejs-api-react/api/router/acount.js: Using EditorConfig core...
nodejs-api-react/api/router/acount.js: Using EditorConfig core...
nodejs-api-react/api/router/acount.js: Using EditorConfig core...
nodejs-api-react/api/router/acount.js: Using EditorConfig core...
nodejs-api-react/api/router/acount.js: Using EditorConfig core...
nodejs-api-react/api/controller/acountController.js: {}
nodejs-api-react/api/controller/acountController.js: {}
nodejs-api-react/api/controller/acountController.js: {}
nodejs-api-react/api/router/acount.js: {}
nodejs-api-react/api/controller/acountController.js: {}
nodejs-api-react/api/controller/acountController.js: Using EditorConfig core...
nodejs-api-react/api/controller/acountController.js: Using EditorConfig core...
nodejs-api-react/api/controller/acountController.js: Using EditorConfig core...
nodejs-api-react/api/controller/acountController.js: Using EditorConfig core...
nodejs-api-react/api/controller/acountController.js: Using EditorConfig core...
nodejs-api-react/api/controller/acountController.js: {}
nodejs-api-react/api/controller/acountController.js: {}
nodejs-api-react/api/router/acount.js: {}
nodejs-api-react/api/controller/acountController.js: {}
nodejs-api-react/api/controller/acountController.js: Using EditorConfig core...
nodejs-api-react/api/controller/acountController.js: Using EditorConfig core...
nodejs-api-react/api/controller/acountController.js: Using EditorConfig core...
nodejs-api-react/api/controller/acountController.js: Using EditorConfig core...
nodejs-api-react/api/controller/acountController.js: {}
nodejs-api-react/api/router/acount.js: {}
nodejs-api-react/api/router/acount.js: Using EditorConfig core...
nodejs-api-react/api/router/acount.js: Using EditorConfig core...
nodejs-api-react/api/router/acount.js: Using EditorConfig core...
nodejs-api-react/api/router/acount.js: Using EditorConfig core...
nodejs-api-react/api/router/acount.js: Using EditorConfig core...
nodejs-api-react/api/controller/acountController.js: {}
nodejs-api-react/api/controller/acountController.js: Using EditorConfig core...
nodejs-api-react/api/controller/acountController.js: Using EditorConfig core...
nodejs-api-react/api/controller/acountController.js: Using EditorConfig core...
nodejs-api-react/api/controller/acountController.js: Using EditorConfig core...
nodejs-api-react/api/controller/acountController.js: Using EditorConfig core...
nodejs-api-react/api/controller/acountController.js: Using EditorConfig core...
nodejs-api-react/api/controller/acountController.js: Using EditorConfig core...
nodejs-api-react/api/controller/acountController.js: Using EditorConfig core...
nodejs-api-react/api/controller/acountController.js: Using EditorConfig core...
nodejs-api-react/api/controller/acountController.js: {}
nodejs-api-react/api/controller/acountController.js: {}
nodejs-api-react/api/controller/acountController.js: {}
nodejs-api-react/api/controller/acountController.js: {}
nodejs-api-react/api/controller/acountController.js: {}
nodejs-api-react/api/controller/acountController.js: Using EditorConfig core...
nodejs-api-react/api/controller/acountController.js: Using EditorConfig core...
nodejs-api-react/api/controller/acountController.js: Using EditorConfig core...
nodejs-api-react/api/controller/acountController.js: Using EditorConfig core...
nodejs-api-react/api/controller/acountController.js: Using EditorConfig core...
nodejs-api-react/api/controller/acountController.js: Using EditorConfig core...
nodejs-api-react/api/controller/acountController.js: Using EditorConfig core...
nodejs-api-react/api/controller/acountController.js: {}
nodejs-api-react/api/controller/acountController.js: Using EditorConfig core...
nodejs-api-react/api/controller/acountController.js: Using EditorConfig core...
nodejs-api-react/api/controller/acountController.js: Using EditorConfig core...
nodejs-api-react/api/controller/acountController.js: Using EditorConfig core...
nodejs-api-react/api/controller/acountController.js: Using EditorConfig core...
nodejs-api-react/api/controller/acountController.js: Using EditorConfig core...
nodejs-api-react/api/controller/acountController.js: Using EditorConfig core...
nodejs-api-react/api/controller/acountController.js: Using EditorConfig core...
nodejs-api-react/api/controller/acountController.js: Using EditorConfig core...
nodejs-api-react/api/controller/acountController.js: Using EditorConfig core...
nodejs-api-react/api/controller/acountController.js: Using EditorConfig core...
nodejs-api-react/api/controller/acountController.js: Using EditorConfig core...
nodejs-api-react/api/controller/acountController.js: Using EditorConfig core...
nodejs-api-react/api/controller/acountController.js: Using EditorConfig core...
nodejs-api-react/api/controller/acountController.js: Using EditorConfig core...
nodejs-api-react/api/controller/acountController.js: Using EditorConfig core...
nodejs-api-react/api/controller/acountController.js: Using EditorConfig core...
nodejs-api-react/api/controller/acountController.js: Using EditorConfig core...
nodejs-api-react/api/controller/acountController.js: Using EditorConfig core...
nodejs-api-react/api/controller/acountController.js: Using EditorConfig core...
nodejs-api-react/api/controller/acountController.js: Using EditorConfig core...
nodejs-api-react/api/controller/acountController.js: Using EditorConfig core...
nodejs-api-react/api/controller/acountController.js: Using EditorConfig core...
nodejs-api-react/api/controller/acountController.js: Using EditorConfig core...
nodejs-api-react/api/controller/acountController.js: Using EditorConfig core...
nodejs-api-react/api/controller/acountController.js: Using EditorConfig core...
nodejs-api-react/api/controller/acountController.js: {}
nodejs-api-react/api/controller/acountController.js: {}
nodejs-api-react/api/controller/acountController.js: {}
nodejs-api-react/api/router/acount.js: {}
nodejs-api-react/api/router/acount.js: Using EditorConfig core...
nodejs-api-react/api/router/acount.js: Using EditorConfig core...
nodejs-api-react/api/controller/acountController.js: {}
nodejs-api-react/api/controller/acountController.js: {}
nodejs-api-react/api/controller/acountController.js: Using EditorConfig core...
nodejs-api-react/api/controller/acountController.js: Using EditorConfig core...
nodejs-api-react/api/controller/acountController.js: Using EditorConfig core...
nodejs-api-react/api/controller/acountController.js: Using EditorConfig core...
nodejs-api-react/api/router/acount.js: {}
nodejs-api-react/api/router/acount.js: Using EditorConfig core...
nodejs-api-react/api/router/acount.js: Using EditorConfig core...
nodejs-api-react/api/router/acount.js: Using EditorConfig core...
nodejs-api-react/api/router/acount.js: {}
nodejs-api-react/api/controller/acountController.js: {}
nodejs-api-react/api/controller/acountController.js: {}
nodejs-api-react/api/router/acount.js: {}
nodejs-api-react/api/controller/acountController.js: {}
nodejs-api-react/api/controller/acountController.js: {}
nodejs-api-react/api/controller/acountController.js: Using EditorConfig core...
nodejs-api-react/api/controller/acountController.js: Using EditorConfig core...
nodejs-api-react/api/controller/acountController.js: Using EditorConfig core...
nodejs-api-react/api/controller/acountController.js: Using EditorConfig core...
nodejs-api-react/api/controller/acountController.js: Using EditorConfig core...
nodejs-api-react/api/controller/acountController.js: Using EditorConfig core...
nodejs-api-react/api/controller/acountController.js: Using EditorConfig core...
nodejs-api-react/api/controller/acountController.js: Using EditorConfig core...
nodejs-api-react/api/controller/acountController.js: Using EditorConfig core...
nodejs-api-react/api/controller/acountController.js: Using EditorConfig core...
nodejs-api-react/api/controller/acountController.js: Using EditorConfig core...
nodejs-api-react/api/controller/acountController.js: {}
nodejs-api-react/api/controller/acountController.js: {}
nodejs-api-react/api/controller/acountController.js: {}
nodejs-api-react/api/controller/acountController.js: {}
nodejs-api-react/api/controller/acountController.js: Using EditorConfig core...
nodejs-api-react/api/controller/acountController.js: Using EditorConfig core...
nodejs-api-react/api/controller/acountController.js: Using EditorConfig core...
nodejs-api-react/api/controller/acountController.js: Using EditorConfig core...
nodejs-api-react/api/controller/acountController.js: Using EditorConfig core...
nodejs-api-react/api/controller/acountController.js: Using EditorConfig core...
nodejs-api-react/api/controller/acountController.js: Using EditorConfig core...
nodejs-api-react/api/controller/acountController.js: Using EditorConfig core...
nodejs-api-react/api/controller/acountController.js: {}
nodejs-api-react/api/controller/acountController.js: {}
nodejs-api-react/api/controller/acountController.js: Using EditorConfig core...
nodejs-api-react/api/controller/acountController.js: Using EditorConfig core...
nodejs-api-react/api/controller/acountController.js: Using EditorConfig core...
nodejs-api-react/api/controller/acountController.js: Using EditorConfig core...
nodejs-api-react/api/controller/acountController.js: Using EditorConfig core...
nodejs-api-react/api/controller/acountController.js: Using EditorConfig core...
nodejs-api-react/api/controller/acountController.js: {}
nodejs-api-react/api/controller/acountController.js: Using EditorConfig core...
nodejs-api-react/api/controller/acountController.js: Using EditorConfig core...
nodejs-api-react/api/controller/acountController.js: Using EditorConfig core...
nodejs-api-react/api/controller/acountController.js: Using EditorConfig core...
nodejs-api-react/api/controller/acountController.js: Using EditorConfig core...
nodejs-api-react/api/controller/acountController.js: Using EditorConfig core...
nodejs-api-react/api/controller/acountController.js: Using EditorConfig core...
nodejs-api-react/api/controller/acountController.js: Using EditorConfig core...
nodejs-api-react/api/controller/acountController.js: Using EditorConfig core...
nodejs-api-react/api/controller/acountController.js: Using EditorConfig core...
nodejs-api-react/api/controller/acountController.js: Using EditorConfig core...
nodejs-api-react/api/controller/acountController.js: Using EditorConfig core...
nodejs-api-react/api/controller/acountController.js: Using EditorConfig core...
nodejs-api-react/api/controller/acountController.js: Using EditorConfig core...
nodejs-api-react/api/controller/acountController.js: Using EditorConfig core...
nodejs-api-react/api/controller/acountController.js: Using EditorConfig core...
nodejs-api-react/api/controller/acountController.js: {}
nodejs-api-react/api/controller/acountController.js: Using EditorConfig core...
nodejs-api-react/api/controller/acountController.js: Using EditorConfig core...
nodejs-api-react/api/controller/acountController.js: Using EditorConfig core...
nodejs-api-react/api/controller/acountController.js: Using EditorConfig core...
nodejs-api-react/api/controller/acountController.js: {}
nodejs-api-react/api/controller/acountController.js: {}
nodejs-api-react/api/controller/acountController.js: Using EditorConfig core...
nodejs-api-react/api/controller/acountController.js: Using EditorConfig core...
nodejs-api-react/api/controller/acountController.js: Using EditorConfig core...
nodejs-api-react/api/controller/acountController.js: Using EditorConfig core...
nodejs-api-react/api/controller/acountController.js: Using EditorConfig core...
nodejs-api-react/api/controller/acountController.js: Using EditorConfig core...
nodejs-api-react/api/controller/acountController.js: Using EditorConfig core...
nodejs-api-react/api/controller/acountController.js: Using EditorConfig core...
nodejs-api-react/api/controller/acountController.js: {}
nodejs-api-react/api/controller/acountController.js: Using EditorConfig core...
nodejs-api-react/api/controller/acountController.js: Using EditorConfig core...
nodejs-api-react/api/controller/acountController.js: Using EditorConfig core...
nodejs-api-react/api/controller/acountController.js: Using EditorConfig core...
nodejs-api-react/api/controller/acountController.js: Using EditorConfig core...
nodejs-api-react/api/controller/acountController.js: Using EditorConfig core...
nodejs-api-react/api/controller/acountController.js: {}
nodejs-api-react/api/controller/acountController.js: {}
nodejs-api-react/api/controller/acountController.js: Using EditorConfig core...
nodejs-api-react/api/controller/acountController.js: Using EditorConfig core...
nodejs-api-react/api/controller/acountController.js: Using EditorConfig core...
nodejs-api-react/api/controller/acountController.js: Using EditorConfig core...
nodejs-api-react/api/controller/acountController.js: Using EditorConfig core...
nodejs-api-react/api/controller/acountController.js: Using EditorConfig core...
nodejs-api-react/api/controller/acountController.js: Using EditorConfig core...
nodejs-api-react/api/controller/acountController.js: Using EditorConfig core...
nodejs-api-react/api/controller/acountController.js: Using EditorConfig core...
nodejs-api-react/api/controller/acountController.js: Using EditorConfig core...
nodejs-api-react/api/controller/acountController.js: Using EditorConfig core...
nodejs-api-react/api/controller/acountController.js: Using EditorConfig core...
nodejs-api-react/api/controller/acountController.js: Using EditorConfig core...
nodejs-api-react/api/controller/acountController.js: Using EditorConfig core...
nodejs-api-react/api/controller/acountController.js: Using EditorConfig core...
nodejs-api-react/api/controller/acountController.js: Using EditorConfig core...
nodejs-api-react/api/controller/acountController.js: Using EditorConfig core...
nodejs-api-react/api/controller/acountController.js: {}
nodejs-api-react/api/controller/acountController.js: {}
nodejs-api-react/api/controller/acountController.js: {}
nodejs-api-react/api/db.js: {}
nodejs-api-react/api/router/acount.js: {}
nodejs-api-react/api/db.js: {}
nodejs-api-react/api/controller/acountController.js: {}
nodejs-api-react/api/controller/acountController.js: {}
nodejs-api-react/api/controller/acountController.js: Using EditorConfig core...
nodejs-api-react/api/controller/acountController.js: Using EditorConfig core...
nodejs-api-react/api/controller/acountController.js: Using EditorConfig core...
nodejs-api-react/api/controller/acountController.js: Using EditorConfig core...
nodejs-api-react/api/controller/acountController.js: Using EditorConfig core...
nodejs-api-react/api/controller/acountController.js: Using EditorConfig core...
nodejs-api-react/api/controller/acountController.js: Using EditorConfig core...
nodejs-api-react/api/controller/acountController.js: Using EditorConfig core...
nodejs-api-react/api/controller/acountController.js: Using EditorConfig core...
nodejs-api-react/api/controller/acountController.js: Using EditorConfig core...
nodejs-api-react/api/controller/acountController.js: Using EditorConfig core...
nodejs-api-react/api/controller/acountController.js: Using EditorConfig core...
nodejs-api-react/api/controller/acountController.js: Using EditorConfig core...
nodejs-api-react/api/controller/acountController.js: {}
nodejs-api-react/api/controller/acountController.js: {}
nodejs-api-react/api/controller/acountController.js: {}
nodejs-api-react/api/controller/acountController.js: {}
nodejs-api-react/api/controller/acountController.js: Using EditorConfig core...
nodejs-api-react/api/controller/acountController.js: Using EditorConfig core...
nodejs-api-react/api/controller/acountController.js: Using EditorConfig core...
nodejs-api-react/api/controller/acountController.js: Using EditorConfig core...
nodejs-api-react/api/controller/acountController.js: Using EditorConfig core...
nodejs-api-react/api/controller/acountController.js: Using EditorConfig core...
nodejs-api-react/api/controller/acountController.js: {}
nodejs-api-react/api/controller/acountController.js: Using EditorConfig core...
nodejs-api-react/api/controller/acountController.js: Using EditorConfig core...
nodejs-api-react/api/controller/acountController.js: Using EditorConfig core...
nodejs-api-react/api/controller/acountController.js: Using EditorConfig core...
nodejs-api-react/api/controller/acountController.js: Using EditorConfig core...
nodejs-api-react/api/controller/acountController.js: Using EditorConfig core...
nodejs-api-react/api/controller/acountController.js: Using EditorConfig core...
nodejs-api-react/api/controller/acountController.js: Using EditorConfig core...
nodejs-api-react/api/controller/acountController.js: Using EditorConfig core...
nodejs-api-react/api/controller/acountController.js: Using EditorConfig core...
nodejs-api-react/api/controller/acountController.js: Using EditorConfig core...
nodejs-api-react/api/controller/acountController.js: Using EditorConfig core...
nodejs-api-react/api/controller/acountController.js: {}
nodejs-api-react/api/controller/acountController.js: {}
nodejs-api-react/api/controller/acountController.js: {}
nodejs-api-react/api/controller/acountController.js: Using EditorConfig core...
nodejs-api-react/api/controller/acountController.js: Using EditorConfig core...
nodejs-api-react/api/controller/acountController.js: Using EditorConfig core...
nodejs-api-react/api/controller/acountController.js: Using EditorConfig core...
nodejs-api-react/api/controller/acountController.js: Using EditorConfig core...
nodejs-api-react/api/controller/acountController.js: Using EditorConfig core...
nodejs-api-react/api/controller/acountController.js: Using EditorConfig core...
nodejs-api-react/api/controller/acountController.js: Using EditorConfig core...
nodejs-api-react/api/controller/acountController.js: Using EditorConfig core...
nodejs-api-react/api/controller/acountController.js: Using EditorConfig core...
nodejs-api-react/api/controller/acountController.js: Using EditorConfig core...
nodejs-api-react/api/controller/acountController.js: Using EditorConfig core...
nodejs-api-react/api/controller/acountController.js: Using EditorConfig core...
nodejs-api-react/api/controller/acountController.js: {}
nodejs-api-react/api/controller/acountController.js: {}
nodejs-api-react/api/controller/acountController.js: {}
nodejs-api-react/api/controller/acountController.js: {}
nodejs-api-react/api/controller/acountController.js: {}
nodejs-api-react/api/controller/acountController.js: Using EditorConfig core...
nodejs-api-react/api/controller/acountController.js: Using EditorConfig core...
nodejs-api-react/api/controller/acountController.js: Using EditorConfig core...
nodejs-api-react/api/controller/acountController.js: Using EditorConfig core...
nodejs-api-react/api/controller/acountController.js: Using EditorConfig core...
nodejs-api-react/api/controller/acountController.js: Using EditorConfig core...
nodejs-api-react/api/controller/acountController.js: Using EditorConfig core...
nodejs-api-react/api/controller/acountController.js: Using EditorConfig core...
nodejs-api-react/api/controller/acountController.js: Using EditorConfig core...
nodejs-api-react/api/controller/acountController.js: Using EditorConfig core...
nodejs-api-react/api/controller/acountController.js: {}
nodejs-api-react/api/controller/acountController.js: Using EditorConfig core...
nodejs-api-react/api/controller/acountController.js: Using EditorConfig core...
nodejs-api-react/api/controller/acountController.js: Using EditorConfig core...
nodejs-api-react/api/controller/acountController.js: Using EditorConfig core...
nodejs-api-react/api/controller/acountController.js: Using EditorConfig core...
nodejs-api-react/api/controller/acountController.js: Using EditorConfig core...
nodejs-api-react/api/controller/acountController.js: Using EditorConfig core...
nodejs-api-react/api/controller/acountController.js: Using EditorConfig core...
nodejs-api-react/api/controller/acountController.js: {}
nodejs-api-react/api/controller/acountController.js: {}
nodejs-api-react/package.json: {}
nodejs-api-react/package.json: {}
nodejs-api-react/package.json: {}
nodejs-api-react/api/router/acount.js: {}
nodejs-api-react/api/controller/acountController.js: {}
nodejs-api-react/api/controller/acountController.js: {}
nodejs-api-react/api/controller/acountController.js: Using EditorConfig core...
nodejs-api-react/api/controller/acountController.js: Using EditorConfig core...
nodejs-api-react/api/controller/acountController.js: Using EditorConfig core...
nodejs-api-react/api/controller/acountController.js: Using EditorConfig core...
nodejs-api-react/api/controller/acountController.js: Using EditorConfig core...
nodejs-api-react/api/controller/acountController.js: Using EditorConfig core...
nodejs-api-react/api/controller/acountController.js: Using EditorConfig core...
nodejs-api-react/api/controller/acountController.js: Using EditorConfig core...
nodejs-api-react/api/controller/acountController.js: Using EditorConfig core...
nodejs-api-react/api/controller/acountController.js: {}
nodejs-api-react/api/controller/acountController.js: {}
nodejs-api-react/api/controller/acountController.js: {}
nodejs-api-react/api/controller/acountController.js: Using EditorConfig core...
nodejs-api-react/api/controller/acountController.js: Using EditorConfig core...
nodejs-api-react/api/controller/acountController.js: Using EditorConfig core...
nodejs-api-react/api/controller/acountController.js: Using EditorConfig core...
nodejs-api-react/api/controller/acountController.js: Using EditorConfig core...
nodejs-api-react/api/controller/acountController.js: Using EditorConfig core...
nodejs-api-react/api/controller/acountController.js: Using EditorConfig core...
nodejs-api-react/api/controller/acountController.js: Using EditorConfig core...
nodejs-api-react/api/controller/acountController.js: Using EditorConfig core...
nodejs-api-react/api/controller/acountController.js: Using EditorConfig core...
nodejs-api-react/api/controller/acountController.js: Using EditorConfig core...
nodejs-api-react/api/controller/acountController.js: {}
nodejs-api-react/api/controller/acountController.js: Using EditorConfig core...
nodejs-api-react/api/controller/acountController.js: Using EditorConfig core...
nodejs-api-react/api/controller/acountController.js: Using EditorConfig core...
nodejs-api-react/api/controller/acountController.js: Using EditorConfig core...
nodejs-api-react/api/controller/acountController.js: {}
nodejs-api-react/api/controller/acountController.js: Using EditorConfig core...
nodejs-api-react/api/controller/acountController.js: Using EditorConfig core...
nodejs-api-react/api/controller/acountController.js: Using EditorConfig core...
nodejs-api-react/api/controller/acountController.js: Using EditorConfig core...
nodejs-api-react/api/controller/acountController.js: Using EditorConfig core...
nodejs-api-react/api/controller/acountController.js: Using EditorConfig core...
nodejs-api-react/api/controller/acountController.js: Using EditorConfig core...
nodejs-api-react/api/controller/acountController.js: {}
nodejs-api-react/api/controller/acountController.js: Using EditorConfig core...
nodejs-api-react/api/controller/acountController.js: Using EditorConfig core...
nodejs-api-react/api/controller/acountController.js: Using EditorConfig core...
nodejs-api-react/api/controller/acountController.js: Using EditorConfig core...
nodejs-api-react/api/controller/acountController.js: Using EditorConfig core...
nodejs-api-react/api/controller/acountController.js: Using EditorConfig core...
nodejs-api-react/api/controller/acountController.js: Using EditorConfig core...
nodejs-api-react/api/controller/acountController.js: Using EditorConfig core...
nodejs-api-react/api/controller/acountController.js: Using EditorConfig core...
nodejs-api-react/api/controller/acountController.js: Using EditorConfig core...
nodejs-api-react/api/controller/acountController.js: Using EditorConfig core...
nodejs-api-react/api/controller/acountController.js: Using EditorConfig core...
nodejs-api-react/api/controller/acountController.js: Using EditorConfig core...
nodejs-api-react/api/controller/acountController.js: Using EditorConfig core...
nodejs-api-react/api/controller/acountController.js: Using EditorConfig core...
nodejs-api-react/api/controller/acountController.js: Using EditorConfig core...
nodejs-api-react/api/controller/acountController.js: {}
nodejs-api-react/api/controller/acountController.js: {}
nodejs-api-react/api/controller/acountController.js: {}
nodejs-api-react/api/controller/acountController.js: {}
nodejs-api-react/api/controller/acountController.js: {}
nodejs-api-react/api/controller/acountController.js: {}
nodejs-api-react/api/controller/acountController.js: {}
