[2019-07-16 08:23:22.954] [sharedprocess] [info] main {"machineId":"afc5ce7dad504a4107ee7a08e50681437105fc8b948a252278ca65ef15607503"}
[2019-07-16 08:23:23.144] [sharedprocess] [info] Scanned user extensions: 13
[2019-07-16 08:23:23.255] [sharedprocess] [info] Scanned user extensions: 13
[2019-07-16 08:23:23.258] [sharedprocess] [info] Scanned user extensions: 13
[2019-07-16 08:23:23.598] [sharedprocess] [info] Scanned system extensions: 72
[2019-07-16 08:23:23.599] [sharedprocess] [info] Scanned system extensions: 72
[2019-07-16 08:23:23.604] [sharedprocess] [info] Scanned system extensions: 72
[2019-07-16 08:23:23.641] [sharedprocess] [info] Scanned user extensions: 13
[2019-07-16 08:23:23.654] [sharedprocess] [info] Scanned system extensions: 72
[2019-07-16 08:23:23.975] [sharedprocess] [info] Scanned user extensions: 13
[2019-07-16 08:23:25.300] [sharedprocess] [info] Installing extension: zhuangtongfa.material-theme
[2019-07-16 08:23:25.315] [sharedprocess] [info] Scanned user extensions: 13
[2019-07-16 08:23:26.172] [sharedprocess] [info] Downloaded extension: zhuangtongfa.material-theme /tmp/88dda75d-2fce-4e70-a110-38c7b04d8c97
[2019-07-16 08:23:26.226] [sharedprocess] [info] Extracted extension to /root/.vscode/extensions/.zhuangtongfa.material-theme-2.26.0: zhuangtongfa.material-theme
[2019-07-16 08:23:26.227] [sharedprocess] [info] Renamed to /root/.vscode/extensions/zhuangtongfa.material-theme-2.26.0
[2019-07-16 08:23:26.228] [sharedprocess] [info] Installation completed. zhuangtongfa.material-theme
[2019-07-16 08:23:26.350] [sharedprocess] [info] Extensions installed successfully: zhuangtongfa.material-theme
[2019-07-16 08:23:36.505] [sharedprocess] [info] Scanned system extensions: 72
[2019-07-16 08:23:36.506] [sharedprocess] [info] Scanned system extensions: 72
[2019-07-16 08:23:36.638] [sharedprocess] [info] Scanned user extensions: 13
[2019-07-16 08:23:36.687] [sharedprocess] [info] Scanned system extensions: 72
[2019-07-16 08:23:36.965] [sharedprocess] [info] Scanned user extensions: 13
[2019-07-16 08:23:37.157] [sharedprocess] [info] Scanned user extensions: 13
[2019-07-16 08:23:38.912] [sharedprocess] [info] Scanned user extensions: 13
[2019-07-16 08:24:02.991] [sharedprocess] [info] Starting to clean up unused language packs.
[2019-07-16 08:28:38.979] [sharedprocess] [info] Scanned user extensions: 13
[2019-07-16 08:33:39.045] [sharedprocess] [info] Scanned user extensions: 13
[2019-07-16 08:38:39.437] [sharedprocess] [info] Scanned user extensions: 13
[2019-07-16 08:43:39.506] [sharedprocess] [info] Scanned user extensions: 13
[2019-07-16 08:48:39.580] [sharedprocess] [info] Scanned user extensions: 13
[2019-07-16 08:53:39.646] [sharedprocess] [info] Scanned user extensions: 13
[2019-07-16 08:58:39.708] [sharedprocess] [info] Scanned user extensions: 13
[2019-07-16 09:03:39.813] [sharedprocess] [info] Scanned user extensions: 13
[2019-07-16 09:08:40.114] [sharedprocess] [info] Scanned user extensions: 13
[2019-07-16 09:13:40.513] [sharedprocess] [info] Scanned user extensions: 13
[2019-07-16 09:18:40.821] [sharedprocess] [info] Scanned user extensions: 13
[2019-07-16 09:23:26.313] [sharedprocess] [info] Scanned user extensions: 13
[2019-07-16 09:23:26.620] [sharedprocess] [info] Scanned user extensions: 13
[2019-07-16 09:23:27.288] [sharedprocess] [info] Scanned system extensions: 72
[2019-07-16 09:23:27.291] [sharedprocess] [info] Scanned system extensions: 72
[2019-07-16 09:23:27.387] [sharedprocess] [info] Scanned system extensions: 72
[2019-07-16 09:23:27.420] [sharedprocess] [info] Scanned user extensions: 13
[2019-07-16 09:23:27.939] [sharedprocess] [info] Scanned user extensions: 13
[2019-07-16 09:28:28.229] [sharedprocess] [info] Scanned user extensions: 13
[2019-07-16 09:32:09.465] [sharedprocess] [info] Scanned system extensions: 72
[2019-07-16 09:32:09.482] [sharedprocess] [info] Scanned user extensions: 13
[2019-07-16 09:32:09.678] [sharedprocess] [info] Scanned system extensions: 72
[2019-07-16 09:32:09.693] [sharedprocess] [info] Scanned user extensions: 13
[2019-07-16 09:32:12.776] [sharedprocess] [info] Scanned user extensions: 13
[2019-07-16 09:37:12.838] [sharedprocess] [info] Scanned user extensions: 13
[2019-07-16 09:42:12.885] [sharedprocess] [info] Scanned user extensions: 13
[2019-07-16 09:47:12.937] [sharedprocess] [info] Scanned user extensions: 13
[2019-07-16 09:52:12.993] [sharedprocess] [info] Scanned user extensions: 13
[2019-07-16 09:57:13.274] [sharedprocess] [info] Scanned user extensions: 13
[2019-07-16 10:02:13.339] [sharedprocess] [info] Scanned user extensions: 13
[2019-07-16 10:07:13.393] [sharedprocess] [info] Scanned user extensions: 13
[2019-07-16 10:12:13.528] [sharedprocess] [info] Scanned user extensions: 13
[2019-07-16 10:17:13.814] [sharedprocess] [info] Scanned user extensions: 13
[2019-07-16 10:22:02.655] [sharedprocess] [info] Scanned user extensions: 13
[2019-07-16 10:22:03.693] [sharedprocess] [info] Scanned system extensions: 72
[2019-07-16 10:22:03.796] [sharedprocess] [info] Scanned user extensions: 13
[2019-07-16 10:22:03.854] [sharedprocess] [info] Scanned system extensions: 72
[2019-07-16 10:22:05.674] [sharedprocess] [info] Scanned user extensions: 13
[2019-07-16 10:24:10.867] [sharedprocess] [info] Scanned user extensions: 13
[2019-07-16 10:24:10.891] [sharedprocess] [info] Scanned system extensions: 72
[2019-07-16 10:24:11.064] [sharedprocess] [info] Scanned system extensions: 72
[2019-07-16 10:24:11.080] [sharedprocess] [info] Scanned user extensions: 13
[2019-07-16 10:24:13.741] [sharedprocess] [info] Scanned user extensions: 13
[2019-07-16 10:29:13.982] [sharedprocess] [info] Scanned user extensions: 13
[2019-07-16 10:34:14.047] [sharedprocess] [info] Scanned user extensions: 13
[2019-07-16 10:39:14.356] [sharedprocess] [info] Scanned user extensions: 13
[2019-07-16 10:40:19.693] [sharedprocess] [info] Scanned user extensions: 13
[2019-07-16 10:40:20.341] [sharedprocess] [info] Scanned system extensions: 72
[2019-07-16 10:40:20.481] [sharedprocess] [info] Scanned system extensions: 72
[2019-07-16 10:40:20.490] [sharedprocess] [info] Scanned user extensions: 13
[2019-07-16 10:40:22.324] [sharedprocess] [info] Scanned user extensions: 13
[2019-07-16 10:44:47.688] [sharedprocess] [info] Scanned user extensions: 13
[2019-07-16 10:44:48.211] [sharedprocess] [info] Scanned system extensions: 72
[2019-07-16 10:44:48.268] [sharedprocess] [info] Scanned system extensions: 72
[2019-07-16 10:44:48.397] [sharedprocess] [info] Scanned user extensions: 13
[2019-07-16 10:44:49.204] [sharedprocess] [info] Scanned user extensions: 13
[2019-07-16 10:49:49.480] [sharedprocess] [info] Scanned user extensions: 13
[2019-07-16 10:54:49.785] [sharedprocess] [info] Scanned user extensions: 13
[2019-07-16 10:59:49.834] [sharedprocess] [info] Scanned user extensions: 13
[2019-07-16 11:04:50.127] [sharedprocess] [info] Scanned user extensions: 13
[2019-07-16 11:09:50.432] [sharedprocess] [info] Scanned user extensions: 13
[2019-07-16 11:14:50.729] [sharedprocess] [info] Scanned user extensions: 13
[2019-07-16 11:19:50.977] [sharedprocess] [info] Scanned user extensions: 13
[2019-07-16 11:24:51.045] [sharedprocess] [info] Scanned user extensions: 13
[2019-07-16 11:29:51.379] [sharedprocess] [info] Scanned user extensions: 13
[2019-07-16 11:34:51.683] [sharedprocess] [info] Scanned user extensions: 13
[2019-07-16 11:39:51.956] [sharedprocess] [info] Scanned user extensions: 13
[2019-07-16 11:44:52.019] [sharedprocess] [info] Scanned user extensions: 13
[2019-07-16 11:49:52.120] [sharedprocess] [info] Scanned user extensions: 13
[2019-07-16 11:54:52.213] [sharedprocess] [info] Scanned user extensions: 13
[2019-07-16 11:59:52.272] [sharedprocess] [info] Scanned user extensions: 13
[2019-07-16 12:04:52.333] [sharedprocess] [info] Scanned user extensions: 13
[2019-07-16 12:09:52.391] [sharedprocess] [info] Scanned user extensions: 13
[2019-07-16 12:14:52.454] [sharedprocess] [info] Scanned user extensions: 13
[2019-07-16 12:19:52.520] [sharedprocess] [info] Scanned user extensions: 13
[2019-07-16 12:24:52.608] [sharedprocess] [info] Scanned user extensions: 13
[2019-07-16 12:29:52.818] [sharedprocess] [info] Scanned user extensions: 13
[2019-07-16 12:34:52.895] [sharedprocess] [info] Scanned user extensions: 13
[2019-07-16 12:39:52.968] [sharedprocess] [info] Scanned user extensions: 13
[2019-07-16 12:44:53.411] [sharedprocess] [info] Scanned user extensions: 13
[2019-07-16 12:49:53.482] [sharedprocess] [info] Scanned user extensions: 13
[2019-07-16 12:54:53.572] [sharedprocess] [info] Scanned user extensions: 13
[2019-07-16 12:59:53.636] [sharedprocess] [info] Scanned user extensions: 13
[2019-07-16 13:04:53.888] [sharedprocess] [info] Scanned user extensions: 13
[2019-07-16 13:09:53.953] [sharedprocess] [info] Scanned user extensions: 13
[2019-07-16 13:14:54.008] [sharedprocess] [info] Scanned user extensions: 13
[2019-07-16 13:19:54.358] [sharedprocess] [info] Scanned user extensions: 13
[2019-07-16 13:24:54.847] [sharedprocess] [info] Scanned user extensions: 13
[2019-07-16 13:29:56.667] [sharedprocess] [info] Scanned user extensions: 13
[2019-07-16 13:34:56.773] [sharedprocess] [info] Scanned user extensions: 13
[2019-07-16 13:39:56.827] [sharedprocess] [info] Scanned user extensions: 13
[2019-07-16 13:44:56.874] [sharedprocess] [info] Scanned user extensions: 13
[2019-07-16 13:49:57.206] [sharedprocess] [info] Scanned user extensions: 13
[2019-07-16 13:54:57.258] [sharedprocess] [info] Scanned user extensions: 13
[2019-07-16 13:59:57.549] [sharedprocess] [info] Scanned user extensions: 13
[2019-07-16 14:04:57.604] [sharedprocess] [info] Scanned user extensions: 13
[2019-07-16 14:09:57.672] [sharedprocess] [info] Scanned user extensions: 13
[2019-07-16 14:14:57.724] [sharedprocess] [info] Scanned user extensions: 13
[2019-07-16 14:19:57.789] [sharedprocess] [info] Scanned user extensions: 13
[2019-07-16 14:24:58.202] [sharedprocess] [info] Scanned user extensions: 13
[2019-07-16 14:29:58.944] [sharedprocess] [info] Scanned user extensions: 13
[2019-07-16 14:34:59.344] [sharedprocess] [info] Scanned user extensions: 13
[2019-07-16 14:39:59.810] [sharedprocess] [info] Scanned user extensions: 13
[2019-07-16 14:45:00.201] [sharedprocess] [info] Scanned user extensions: 13
[2019-07-16 14:50:00.726] [sharedprocess] [info] Scanned user extensions: 13
[2019-07-16 14:55:01.127] [sharedprocess] [info] Scanned user extensions: 13
[2019-07-16 15:00:01.524] [sharedprocess] [info] Scanned user extensions: 13
[2019-07-16 15:05:01.588] [sharedprocess] [info] Scanned user extensions: 13
[2019-07-16 15:10:01.644] [sharedprocess] [info] Scanned user extensions: 13
[2019-07-16 15:15:02.126] [sharedprocess] [info] Scanned user extensions: 13
[2019-07-16 15:20:02.187] [sharedprocess] [info] Scanned user extensions: 13
[2019-07-16 15:25:02.946] [sharedprocess] [info] Scanned user extensions: 13
[2019-07-16 15:30:03.364] [sharedprocess] [info] Scanned user extensions: 13
[2019-07-16 15:35:03.436] [sharedprocess] [info] Scanned user extensions: 13
[2019-07-16 15:40:03.693] [sharedprocess] [info] Scanned user extensions: 13
[2019-07-16 15:45:03.959] [sharedprocess] [info] Scanned user extensions: 13
[2019-07-16 15:50:04.260] [sharedprocess] [info] Scanned user extensions: 13
[2019-07-16 15:55:04.534] [sharedprocess] [info] Scanned user extensions: 13
[2019-07-16 16:00:04.643] [sharedprocess] [info] Scanned user extensions: 13
[2019-07-16 16:05:04.703] [sharedprocess] [info] Scanned user extensions: 13
[2019-07-16 16:10:04.763] [sharedprocess] [info] Scanned user extensions: 13
[2019-07-16 16:15:04.838] [sharedprocess] [info] Scanned user extensions: 13
[2019-07-16 16:20:05.286] [sharedprocess] [info] Scanned user extensions: 13
[2019-07-16 16:25:05.345] [sharedprocess] [info] Scanned user extensions: 13
[2019-07-16 16:30:05.869] [sharedprocess] [info] Scanned user extensions: 13
[2019-07-16 16:35:06.297] [sharedprocess] [info] Scanned user extensions: 13
[2019-07-16 16:40:06.357] [sharedprocess] [info] Scanned user extensions: 13
[2019-07-16 16:45:06.423] [sharedprocess] [info] Scanned user extensions: 13
[2019-07-16 16:50:06.484] [sharedprocess] [info] Scanned user extensions: 13
[2019-07-16 16:55:06.545] [sharedprocess] [info] Scanned user extensions: 13
[2019-07-16 17:00:06.926] [sharedprocess] [info] Scanned user extensions: 13
[2019-07-16 17:05:06.983] [sharedprocess] [info] Scanned user extensions: 13
[2019-07-16 17:10:07.043] [sharedprocess] [info] Scanned user extensions: 13
[2019-07-16 17:15:07.566] [sharedprocess] [info] Scanned user extensions: 13
