Looking for git in: git
Using git 2.17.1 from git
> git rev-parse --show-toplevel
> git config --get commit.template
Open repository: /var/www/nodejs/reactcrud
> git status -z -u
> git symbolic-ref --short HEAD
> git rev-parse dev2
> git rev-parse --symbolic-full-name dev2@{u}
fatal: no upstream configured for branch 'dev2'
> git for-each-ref --format %(refname) %(objectname) --sort -committerdate
> git remote --verbose
> git check-ignore -z --stdin
> git check-ignore -z --stdin
> git check-ignore -z --stdin
> git check-ignore -z --stdin
> git show :src/components/acount/Item.js
> git ls-files --stage -- src/components/acount/
> git show :src/components/acount/indexAcount.js
> git ls-files --stage -- src/components/acount/
> git show :src/components/acount/Item.js
> git ls-files --stage -- src/components/acount/
> git status -z -u
> git symbolic-ref --short HEAD
> git rev-parse dev2
> git rev-parse --symbolic-full-name dev2@{u}
fatal: no upstream configured for branch 'dev2'
> git for-each-ref --format %(refname) %(objectname) --sort -committerdate
> git remote --verbose
> git status -z -u
> git symbolic-ref --short HEAD
> git rev-parse dev2
> git rev-parse --symbolic-full-name dev2@{u}
fatal: no upstream configured for branch 'dev2'
> git for-each-ref --format %(refname) %(objectname) --sort -committerdate
> git remote --verbose
> git status -z -u
> git symbolic-ref --short HEAD
> git rev-parse dev2
> git rev-parse --symbolic-full-name dev2@{u}
fatal: no upstream configured for branch 'dev2'
> git for-each-ref --format %(refname) %(objectname) --sort -committerdate
> git remote --verbose
> git status -z -u
> git symbolic-ref --short HEAD
> git rev-parse dev2
> git rev-parse --symbolic-full-name dev2@{u}
fatal: no upstream configured for branch 'dev2'
> git for-each-ref --format %(refname) %(objectname) --sort -committerdate
> git remote --verbose
> git status -z -u
> git symbolic-ref --short HEAD
> git rev-parse dev2
> git rev-parse --symbolic-full-name dev2@{u}
fatal: no upstream configured for branch 'dev2'
> git for-each-ref --format %(refname) %(objectname) --sort -committerdate
> git remote --verbose
> git status -z -u
> git symbolic-ref --short HEAD
> git rev-parse dev2
> git rev-parse --symbolic-full-name dev2@{u}
fatal: no upstream configured for branch 'dev2'
> git for-each-ref --format %(refname) %(objectname) --sort -committerdate
> git remote --verbose
> git status -z -u
> git symbolic-ref --short HEAD
> git rev-parse dev2
> git rev-parse --symbolic-full-name dev2@{u}
fatal: no upstream configured for branch 'dev2'
> git for-each-ref --format %(refname) %(objectname) --sort -committerdate
> git remote --verbose
> git check-ignore -z --stdin
> git show :api/app.js
> git status -z -u
> git symbolic-ref --short HEAD
> git rev-parse dev2
> git rev-parse --symbolic-full-name dev2@{u}
fatal: no upstream configured for branch 'dev2'
> git for-each-ref --format %(refname) %(objectname) --sort -committerdate
> git remote --verbose
> git check-ignore -z --stdin
> git show :src/components/acount/Item.js
> git ls-files --stage -- src/components/acount/
> git status -z -u
> git symbolic-ref --short HEAD
> git rev-parse dev2
> git rev-parse --symbolic-full-name dev2@{u}
fatal: no upstream configured for branch 'dev2'
> git for-each-ref --format %(refname) %(objectname) --sort -committerdate
> git remote --verbose
> git status -z -u
> git symbolic-ref --short HEAD
> git rev-parse dev2
> git rev-parse --symbolic-full-name dev2@{u}
fatal: no upstream configured for branch 'dev2'
> git for-each-ref --format %(refname) %(objectname) --sort -committerdate
> git remote --verbose
> git status -z -u
> git symbolic-ref --short HEAD
> git rev-parse dev2
> git rev-parse --symbolic-full-name dev2@{u}
fatal: no upstream configured for branch 'dev2'
> git for-each-ref --format %(refname) %(objectname) --sort -committerdate
> git remote --verbose
> git status -z -u
> git symbolic-ref --short HEAD
> git rev-parse dev2
> git rev-parse --symbolic-full-name dev2@{u}
fatal: no upstream configured for branch 'dev2'
> git for-each-ref --format %(refname) %(objectname) --sort -committerdate
> git remote --verbose
> git status -z -u
> git symbolic-ref --short HEAD
> git rev-parse dev2
> git rev-parse --symbolic-full-name dev2@{u}
fatal: no upstream configured for branch 'dev2'
> git for-each-ref --format %(refname) %(objectname) --sort -committerdate
> git remote --verbose
> git status -z -u
> git symbolic-ref --short HEAD
> git rev-parse dev2
> git rev-parse --symbolic-full-name dev2@{u}
fatal: no upstream configured for branch 'dev2'
> git for-each-ref --format %(refname) %(objectname) --sort -committerdate
> git remote --verbose
> git show :src/App.js
> git show :src/components/acount/Item.js
> git ls-files --stage -- src/components/acount/
> git show :src/components/acount/createAcount.js
> git ls-files --stage -- src/components/acount/
> git check-ignore -z --stdin
> git show :src/App.js
> git show :api/app.js
> git show :src/App.js
> git show :src/components/acount/createAcount.js
> git ls-files --stage -- src/components/acount/
> git show :src/components/acount/Item.js
> git ls-files --stage -- src/components/acount/
> git check-ignore -z --stdin
> git show :src/components/person/create.js
> git ls-files --stage -- src/components/person/
> git show :src/components/acount/Item.js
> git ls-files --stage -- src/components/acount/
> git show :src/components/acount/indexAcount.js
> git ls-files --stage -- src/components/acount/
> git show :src/components/acount/Item.js
> git ls-files --stage -- src/components/acount/
> git show :src/components/acount/createAcount.js
> git ls-files --stage -- src/components/acount/
> git show :src/components/acount/indexAcount.js
> git ls-files --stage -- src/components/acount/
> git show :src/components/acount/Item.js
> git ls-files --stage -- src/components/acount/
> git show :src/components/acount/indexAcount.js
> git ls-files --stage -- src/components/acount/
> git show :src/components/acount/createAcount.js
> git ls-files --stage -- src/components/acount/
> git show :src/components/acount/Item.js
> git ls-files --stage -- src/components/acount/
> git show :src/components/acount/createAcount.js
> git ls-files --stage -- src/components/acount/
> git show :src/components/person/index.js
> git ls-files --stage -- src/components/person/
> git show :src/components/acount/createAcount.js
> git ls-files --stage -- src/components/acount/
> git show :src/components/acount/indexAcount.js
> git ls-files --stage -- src/components/acount/
> git show :src/components/acount/Item.js
> git ls-files --stage -- src/components/acount/
> git show :src/components/acount/indexAcount.js
> git ls-files --stage -- src/components/acount/
> git show :src/components/acount/createAcount.js
> git ls-files --stage -- src/components/acount/
> git show :src/components/acount/indexAcount.js
> git ls-files --stage -- src/components/acount/
> git show :src/components/acount/createAcount.js
> git ls-files --stage -- src/components/acount/
> git show :src/components/acount/indexAcount.js
> git ls-files --stage -- src/components/acount/
> git show :src/components/acount/Item.js
> git ls-files --stage -- src/components/acount/
> git show :src/components/acount/createAcount.js
> git ls-files --stage -- src/components/acount/
> git show :src/components/acount/indexAcount.js
> git ls-files --stage -- src/components/acount/
> git show :src/components/acount/createAcount.js
> git ls-files --stage -- src/components/acount/
