Initializing document watcher...
Detected change in configuration: {}
reactcrud/src/components/acount/Item.js: {}
reactcrud/src/components/acount/indexAcount.js: {}
reactcrud/src/components/acount/Item.js: {}
reactcrud/src/components/acount/Item.js: Using EditorConfig core...
reactcrud/src/components/acount/Item.js: Using EditorConfig core...
reactcrud/src/components/acount/Item.js: Using EditorConfig core...
reactcrud/src/components/acount/Item.js: Using EditorConfig core...
reactcrud/src/components/acount/Item.js: Using EditorConfig core...
reactcrud/src/components/acount/Item.js: {}
reactcrud/src/components/acount/Item.js: Using EditorConfig core...
reactcrud/src/components/acount/Item.js: Using EditorConfig core...
reactcrud/src/components/acount/Item.js: Using EditorConfig core...
reactcrud/src/components/acount/Item.js: Using EditorConfig core...
reactcrud/src/components/acount/Item.js: Using EditorConfig core...
reactcrud/src/components/acount/Item.js: {}
reactcrud/src/components/acount/Item.js: Using EditorConfig core...
reactcrud/src/components/acount/Item.js: Using EditorConfig core...
reactcrud/src/components/acount/Item.js: Using EditorConfig core...
reactcrud/src/components/acount/Item.js: Using EditorConfig core...
reactcrud/src/components/acount/Item.js: Using EditorConfig core...
reactcrud/src/components/acount/Item.js: Using EditorConfig core...
reactcrud/src/components/acount/Item.js: {}
reactcrud/src/components/acount/Item.js: Using EditorConfig core...
reactcrud/src/components/acount/Item.js: Using EditorConfig core...
reactcrud/src/components/acount/Item.js: Using EditorConfig core...
reactcrud/src/components/acount/Item.js: Using EditorConfig core...
reactcrud/src/components/acount/Item.js: {}
reactcrud/src/components/acount/Item.js: Using EditorConfig core...
reactcrud/src/components/acount/Item.js: {}
reactcrud/src/components/acount/Item.js: Using EditorConfig core...
reactcrud/src/components/acount/Item.js: Using EditorConfig core...
reactcrud/src/components/acount/Item.js: Using EditorConfig core...
reactcrud/src/components/acount/Item.js: Using EditorConfig core...
reactcrud/src/components/acount/Item.js: Using EditorConfig core...
reactcrud/src/components/acount/Item.js: Using EditorConfig core...
reactcrud/src/components/acount/Item.js: {}
reactcrud/src/components/acount/Item.js: {}
reactcrud/src/components/acount/Item.js: Using EditorConfig core...
reactcrud/src/components/acount/Item.js: Using EditorConfig core...
reactcrud/src/components/acount/Item.js: Using EditorConfig core...
reactcrud/src/components/acount/Item.js: Using EditorConfig core...
reactcrud/src/components/acount/Item.js: Using EditorConfig core...
reactcrud/src/components/acount/Item.js: {}
reactcrud/src/components/acount/Item.js: {}
reactcrud/api/app.js: {}
reactcrud/api/app.js: {}
reactcrud/api/app.js: {}
reactcrud/api/app.js: Using EditorConfig core...
reactcrud/api/app.js: Using EditorConfig core...
reactcrud/api/app.js: Using EditorConfig core...
reactcrud/api/app.js: Using EditorConfig core...
reactcrud/api/app.js: Using EditorConfig core...
reactcrud/api/app.js: Using EditorConfig core...
reactcrud/api/app.js: Using EditorConfig core...
reactcrud/api/app.js: Using EditorConfig core...
reactcrud/api/app.js: Using EditorConfig core...
reactcrud/api/app.js: Using EditorConfig core...
reactcrud/api/app.js: Using EditorConfig core...
reactcrud/api/app.js: Using EditorConfig core...
reactcrud/api/app.js: Using EditorConfig core...
reactcrud/api/app.js: Using EditorConfig core...
reactcrud/api/app.js: {}
reactcrud/src/components/acount/Item.js: {}
reactcrud/src/components/acount/Item.js: Using EditorConfig core...
reactcrud/src/components/acount/Item.js: Using EditorConfig core...
reactcrud/src/components/acount/Item.js: Using EditorConfig core...
reactcrud/src/components/acount/Item.js: Using EditorConfig core...
reactcrud/src/components/acount/Item.js: Using EditorConfig core...
reactcrud/src/components/acount/Item.js: Using EditorConfig core...
reactcrud/src/components/acount/Item.js: Using EditorConfig core...
reactcrud/src/components/acount/Item.js: Using EditorConfig core...
reactcrud/src/components/acount/Item.js: Using EditorConfig core...
reactcrud/src/components/acount/Item.js: {}
reactcrud/src/components/acount/Item.js: Using EditorConfig core...
reactcrud/src/components/acount/Item.js: Using EditorConfig core...
reactcrud/src/components/acount/Item.js: Using EditorConfig core...
reactcrud/src/components/acount/Item.js: Using EditorConfig core...
reactcrud/src/components/acount/Item.js: Using EditorConfig core...
reactcrud/src/components/acount/Item.js: {}
reactcrud/src/components/acount/Item.js: Using EditorConfig core...
reactcrud/src/components/acount/Item.js: Using EditorConfig core...
reactcrud/src/components/acount/Item.js: Using EditorConfig core...
reactcrud/src/components/acount/Item.js: Using EditorConfig core...
reactcrud/src/components/acount/Item.js: {}
reactcrud/src/components/acount/Item.js: {}
reactcrud/src/components/acount/Item.js: {}
reactcrud/src/components/acount/Item.js: {}
reactcrud/src/components/acount/Item.js: Using EditorConfig core...
reactcrud/src/components/acount/Item.js: Using EditorConfig core...
reactcrud/src/components/acount/Item.js: Using EditorConfig core...
reactcrud/src/components/acount/Item.js: Using EditorConfig core...
reactcrud/src/components/acount/Item.js: Using EditorConfig core...
reactcrud/src/components/acount/Item.js: Using EditorConfig core...
reactcrud/src/components/acount/Item.js: Using EditorConfig core...
reactcrud/src/components/acount/Item.js: Using EditorConfig core...
reactcrud/src/components/acount/Item.js: Using EditorConfig core...
reactcrud/src/components/acount/Item.js: Using EditorConfig core...
reactcrud/src/components/acount/Item.js: Using EditorConfig core...
reactcrud/src/components/acount/Item.js: {}
reactcrud/src/components/acount/Item.js: Using EditorConfig core...
reactcrud/src/components/acount/Item.js: Using EditorConfig core...
reactcrud/src/components/acount/Item.js: Using EditorConfig core...
reactcrud/src/components/acount/Item.js: Using EditorConfig core...
reactcrud/src/components/acount/Item.js: Using EditorConfig core...
reactcrud/src/components/acount/Item.js: Using EditorConfig core...
reactcrud/src/components/acount/Item.js: {}
reactcrud/src/App.js: {}
reactcrud/src/components/acount/Item.js: {}
reactcrud/src/components/acount/createAcount.js: {}
reactcrud/src/components/acount/createAcount.js: Using EditorConfig core...
reactcrud/src/components/acount/createAcount.js: Using EditorConfig core...
reactcrud/src/components/acount/createAcount.js: Using EditorConfig core...
reactcrud/src/components/acount/createAcount.js: Using EditorConfig core...
reactcrud/src/components/acount/createAcount.js: Using EditorConfig core...
reactcrud/src/components/acount/createAcount.js: Using EditorConfig core...
reactcrud/src/components/acount/createAcount.js: Using EditorConfig core...
reactcrud/src/components/acount/createAcount.js: Using EditorConfig core...
reactcrud/src/components/acount/createAcount.js: Using EditorConfig core...
reactcrud/src/components/acount/createAcount.js: Using EditorConfig core...
reactcrud/src/App.js: {}
reactcrud/src/App.js: Using EditorConfig core...
reactcrud/src/App.js: Using EditorConfig core...
reactcrud/src/App.js: Using EditorConfig core...
reactcrud/src/App.js: Using EditorConfig core...
reactcrud/src/App.js: Using EditorConfig core...
reactcrud/api/app.js: {}
reactcrud/src/App.js: {}
reactcrud/src/components/acount/createAcount.js: {}
reactcrud/src/components/acount/Item.js: {}
reactcrud/src/components/acount/Item.js: Using EditorConfig core...
reactcrud/src/components/acount/Item.js: Using EditorConfig core...
reactcrud/src/components/acount/Item.js: Using EditorConfig core...
reactcrud/src/components/acount/Item.js: Using EditorConfig core...
reactcrud/src/components/acount/Item.js: Using EditorConfig core...
reactcrud/src/components/acount/Item.js: {}
reactcrud/src/components/acount/Item.js: Using EditorConfig core...
reactcrud/src/components/acount/Item.js: Using EditorConfig core...
reactcrud/src/components/acount/Item.js: Using EditorConfig core...
reactcrud/src/components/acount/Item.js: Using EditorConfig core...
reactcrud/src/components/acount/Item.js: {}
reactcrud/src/components/acount/Item.js: {}
reactcrud/src/components/acount/Item.js: Using EditorConfig core...
reactcrud/src/components/acount/Item.js: Using EditorConfig core...
reactcrud/src/components/acount/Item.js: Using EditorConfig core...
reactcrud/src/components/acount/Item.js: Using EditorConfig core...
reactcrud/src/components/acount/Item.js: Using EditorConfig core...
reactcrud/src/components/acount/Item.js: {}
reactcrud/src/components/person/create.js: {}
reactcrud/src/components/acount/Item.js: {}
reactcrud/src/components/acount/indexAcount.js: {}
reactcrud/src/components/acount/indexAcount.js: Using EditorConfig core...
reactcrud/src/components/acount/indexAcount.js: Using EditorConfig core...
reactcrud/src/components/acount/indexAcount.js: Using EditorConfig core...
reactcrud/src/components/acount/indexAcount.js: Using EditorConfig core...
reactcrud/src/components/acount/indexAcount.js: Using EditorConfig core...
reactcrud/src/components/acount/indexAcount.js: Using EditorConfig core...
reactcrud/src/components/acount/indexAcount.js: Using EditorConfig core...
reactcrud/src/components/acount/indexAcount.js: Using EditorConfig core...
reactcrud/src/components/acount/Item.js: {}
reactcrud/src/components/acount/createAcount.js: {}
reactcrud/src/components/acount/createAcount.js: {}
reactcrud/src/components/acount/createAcount.js: {}
reactcrud/src/components/acount/createAcount.js: {}
reactcrud/src/components/acount/createAcount.js: Using EditorConfig core...
reactcrud/src/components/acount/createAcount.js: Using EditorConfig core...
reactcrud/src/components/acount/createAcount.js: Using EditorConfig core...
reactcrud/src/components/acount/createAcount.js: Using EditorConfig core...
reactcrud/src/components/acount/createAcount.js: Using EditorConfig core...
reactcrud/src/components/acount/createAcount.js: Using EditorConfig core...
reactcrud/src/components/acount/createAcount.js: Using EditorConfig core...
reactcrud/src/components/acount/createAcount.js: Using EditorConfig core...
reactcrud/src/components/acount/createAcount.js: Using EditorConfig core...
reactcrud/src/components/acount/createAcount.js: Using EditorConfig core...
reactcrud/src/components/acount/createAcount.js: Using EditorConfig core...
reactcrud/src/components/acount/createAcount.js: Using EditorConfig core...
reactcrud/src/components/acount/createAcount.js: Using EditorConfig core...
reactcrud/src/components/acount/createAcount.js: Using EditorConfig core...
reactcrud/src/components/acount/createAcount.js: {}
reactcrud/src/components/acount/indexAcount.js: {}
reactcrud/src/components/acount/Item.js: {}
reactcrud/src/components/acount/Item.js: Using EditorConfig core...
reactcrud/src/components/acount/Item.js: Using EditorConfig core...
reactcrud/src/components/acount/Item.js: Using EditorConfig core...
reactcrud/src/components/acount/Item.js: Using EditorConfig core...
reactcrud/src/components/acount/Item.js: Using EditorConfig core...
reactcrud/src/components/acount/Item.js: {}
reactcrud/src/components/acount/indexAcount.js: {}
reactcrud/src/components/acount/createAcount.js: {}
reactcrud/src/components/acount/createAcount.js: Using EditorConfig core...
reactcrud/src/components/acount/createAcount.js: Using EditorConfig core...
reactcrud/src/components/acount/createAcount.js: Using EditorConfig core...
reactcrud/src/components/acount/createAcount.js: Using EditorConfig core...
reactcrud/src/components/acount/createAcount.js: Using EditorConfig core...
reactcrud/src/components/acount/createAcount.js: Using EditorConfig core...
reactcrud/src/components/acount/createAcount.js: {}
reactcrud/src/components/acount/createAcount.js: Using EditorConfig core...
reactcrud/src/components/acount/createAcount.js: Using EditorConfig core...
reactcrud/src/components/acount/createAcount.js: Using EditorConfig core...
reactcrud/src/components/acount/createAcount.js: Using EditorConfig core...
reactcrud/src/components/acount/createAcount.js: Using EditorConfig core...
reactcrud/src/components/acount/createAcount.js: Using EditorConfig core...
reactcrud/src/components/acount/createAcount.js: {}
reactcrud/src/components/acount/createAcount.js: {}
reactcrud/src/components/acount/createAcount.js: {}
reactcrud/src/components/acount/createAcount.js: Using EditorConfig core...
reactcrud/src/components/acount/createAcount.js: Using EditorConfig core...
reactcrud/src/components/acount/createAcount.js: Using EditorConfig core...
reactcrud/src/components/acount/createAcount.js: Using EditorConfig core...
reactcrud/src/components/acount/createAcount.js: Using EditorConfig core...
reactcrud/src/components/acount/createAcount.js: Using EditorConfig core...
reactcrud/src/components/acount/createAcount.js: Using EditorConfig core...
reactcrud/src/components/acount/createAcount.js: {}
reactcrud/src/components/acount/createAcount.js: Using EditorConfig core...
reactcrud/src/components/acount/createAcount.js: Using EditorConfig core...
reactcrud/src/components/acount/createAcount.js: Using EditorConfig core...
reactcrud/src/components/acount/createAcount.js: {}
reactcrud/src/components/acount/createAcount.js: {}
reactcrud/src/components/acount/createAcount.js: Using EditorConfig core...
reactcrud/src/components/acount/createAcount.js: Using EditorConfig core...
reactcrud/src/components/acount/createAcount.js: Using EditorConfig core...
reactcrud/src/components/acount/createAcount.js: Using EditorConfig core...
reactcrud/src/components/acount/createAcount.js: Using EditorConfig core...
reactcrud/src/components/acount/createAcount.js: Using EditorConfig core...
reactcrud/src/components/acount/createAcount.js: Using EditorConfig core...
reactcrud/src/components/acount/createAcount.js: Using EditorConfig core...
reactcrud/src/components/acount/createAcount.js: Using EditorConfig core...
reactcrud/src/components/acount/createAcount.js: Using EditorConfig core...
reactcrud/src/components/acount/createAcount.js: Using EditorConfig core...
reactcrud/src/components/acount/createAcount.js: {}
reactcrud/src/components/acount/createAcount.js: Using EditorConfig core...
reactcrud/src/components/acount/createAcount.js: Using EditorConfig core...
reactcrud/src/components/acount/createAcount.js: Using EditorConfig core...
reactcrud/src/components/acount/createAcount.js: Using EditorConfig core...
reactcrud/src/components/acount/createAcount.js: Using EditorConfig core...
reactcrud/src/components/acount/createAcount.js: Using EditorConfig core...
reactcrud/src/components/acount/createAcount.js: {}
reactcrud/src/components/acount/Item.js: {}
reactcrud/src/components/acount/Item.js: Using EditorConfig core...
reactcrud/src/components/acount/Item.js: Using EditorConfig core...
reactcrud/src/components/acount/Item.js: Using EditorConfig core...
reactcrud/src/components/acount/Item.js: Using EditorConfig core...
reactcrud/src/components/acount/Item.js: Using EditorConfig core...
reactcrud/src/components/acount/Item.js: Using EditorConfig core...
reactcrud/src/components/acount/Item.js: {}
reactcrud/src/components/acount/createAcount.js: {}
reactcrud/src/components/acount/createAcount.js: Using EditorConfig core...
reactcrud/src/components/acount/createAcount.js: Using EditorConfig core...
reactcrud/src/components/acount/createAcount.js: Using EditorConfig core...
reactcrud/src/components/acount/createAcount.js: Using EditorConfig core...
reactcrud/src/components/acount/createAcount.js: Using EditorConfig core...
reactcrud/src/components/acount/createAcount.js: {}
reactcrud/src/components/acount/createAcount.js: Using EditorConfig core...
reactcrud/src/components/acount/createAcount.js: Using EditorConfig core...
reactcrud/src/components/acount/createAcount.js: Using EditorConfig core...
reactcrud/src/components/acount/createAcount.js: Using EditorConfig core...
reactcrud/src/components/acount/createAcount.js: Using EditorConfig core...
reactcrud/src/components/acount/createAcount.js: Using EditorConfig core...
reactcrud/src/components/acount/createAcount.js: Using EditorConfig core...
reactcrud/src/components/acount/createAcount.js: {}
reactcrud/src/components/acount/createAcount.js: {}
reactcrud/src/components/acount/createAcount.js: Using EditorConfig core...
reactcrud/src/components/acount/createAcount.js: Using EditorConfig core...
reactcrud/src/components/acount/createAcount.js: Using EditorConfig core...
reactcrud/src/components/acount/createAcount.js: Using EditorConfig core...
reactcrud/src/components/acount/createAcount.js: Using EditorConfig core...
reactcrud/src/components/acount/createAcount.js: {}
reactcrud/src/components/acount/createAcount.js: Using EditorConfig core...
reactcrud/src/components/acount/createAcount.js: Using EditorConfig core...
reactcrud/src/components/acount/createAcount.js: {}
reactcrud/src/components/acount/createAcount.js: Using EditorConfig core...
reactcrud/src/components/acount/createAcount.js: Using EditorConfig core...
reactcrud/src/components/acount/createAcount.js: Using EditorConfig core...
reactcrud/src/components/acount/createAcount.js: Using EditorConfig core...
reactcrud/src/components/acount/createAcount.js: Using EditorConfig core...
reactcrud/src/components/acount/createAcount.js: {}
reactcrud/src/components/acount/createAcount.js: Using EditorConfig core...
reactcrud/src/components/acount/createAcount.js: Using EditorConfig core...
reactcrud/src/components/acount/createAcount.js: Using EditorConfig core...
reactcrud/src/components/acount/createAcount.js: Using EditorConfig core...
reactcrud/src/components/acount/createAcount.js: Using EditorConfig core...
reactcrud/src/components/acount/createAcount.js: Using EditorConfig core...
reactcrud/src/components/acount/createAcount.js: Using EditorConfig core...
reactcrud/src/components/acount/createAcount.js: Using EditorConfig core...
reactcrud/src/components/acount/createAcount.js: Using EditorConfig core...
reactcrud/src/components/acount/createAcount.js: {}
reactcrud/src/components/acount/createAcount.js: {}
reactcrud/src/components/acount/createAcount.js: {}
reactcrud/src/components/acount/createAcount.js: {}
reactcrud/src/components/acount/createAcount.js: Using EditorConfig core...
reactcrud/src/components/acount/createAcount.js: Using EditorConfig core...
reactcrud/src/components/acount/createAcount.js: Using EditorConfig core...
reactcrud/src/components/acount/createAcount.js: Using EditorConfig core...
reactcrud/src/components/acount/createAcount.js: Using EditorConfig core...
reactcrud/src/components/acount/createAcount.js: Using EditorConfig core...
reactcrud/src/components/acount/createAcount.js: Using EditorConfig core...
reactcrud/src/components/acount/createAcount.js: {}
reactcrud/src/components/acount/createAcount.js: Using EditorConfig core...
reactcrud/src/components/acount/createAcount.js: {}
reactcrud/src/components/acount/createAcount.js: {}
reactcrud/src/components/acount/createAcount.js: {}
reactcrud/src/components/acount/createAcount.js: {}
reactcrud/src/components/acount/createAcount.js: Using EditorConfig core...
reactcrud/src/components/acount/createAcount.js: Using EditorConfig core...
reactcrud/src/components/acount/createAcount.js: Using EditorConfig core...
reactcrud/src/components/acount/createAcount.js: Using EditorConfig core...
reactcrud/src/components/acount/createAcount.js: Using EditorConfig core...
reactcrud/src/components/acount/createAcount.js: {}
reactcrud/src/components/acount/createAcount.js: {}
reactcrud/src/components/acount/createAcount.js: {}
reactcrud/src/components/acount/createAcount.js: Using EditorConfig core...
reactcrud/src/components/acount/createAcount.js: Using EditorConfig core...
reactcrud/src/components/acount/createAcount.js: Using EditorConfig core...
reactcrud/src/components/acount/createAcount.js: Using EditorConfig core...
reactcrud/src/components/acount/createAcount.js: Using EditorConfig core...
reactcrud/src/components/acount/createAcount.js: Using EditorConfig core...
reactcrud/src/components/acount/createAcount.js: {}
reactcrud/src/components/acount/createAcount.js: {}
reactcrud/src/components/acount/createAcount.js: Using EditorConfig core...
reactcrud/src/components/acount/createAcount.js: Using EditorConfig core...
reactcrud/src/components/acount/createAcount.js: Using EditorConfig core...
reactcrud/src/components/acount/createAcount.js: Using EditorConfig core...
reactcrud/src/components/acount/createAcount.js: Using EditorConfig core...
reactcrud/src/components/acount/createAcount.js: Using EditorConfig core...
reactcrud/src/components/acount/createAcount.js: {}
reactcrud/src/components/acount/createAcount.js: {}
reactcrud/src/components/acount/createAcount.js: {}
reactcrud/src/components/acount/createAcount.js: Using EditorConfig core...
reactcrud/src/components/acount/createAcount.js: Using EditorConfig core...
reactcrud/src/components/acount/createAcount.js: Using EditorConfig core...
reactcrud/src/components/person/index.js: {}
reactcrud/src/components/acount/createAcount.js: {}
reactcrud/src/components/acount/indexAcount.js: {}
reactcrud/src/components/acount/Item.js: {}
reactcrud/src/components/acount/indexAcount.js: {}
reactcrud/src/components/acount/createAcount.js: {}
reactcrud/src/components/acount/indexAcount.js: {}
reactcrud/src/components/acount/createAcount.js: {}
reactcrud/src/components/acount/indexAcount.js: {}
reactcrud/src/components/acount/Item.js: {}
reactcrud/src/components/acount/createAcount.js: {}
reactcrud/src/components/acount/createAcount.js: Using EditorConfig core...
reactcrud/src/components/acount/createAcount.js: Using EditorConfig core...
reactcrud/src/components/acount/createAcount.js: Using EditorConfig core...
reactcrud/src/components/acount/createAcount.js: Using EditorConfig core...
reactcrud/src/components/acount/createAcount.js: Using EditorConfig core...
reactcrud/src/components/acount/createAcount.js: {}
reactcrud/src/components/acount/createAcount.js: Using EditorConfig core...
reactcrud/src/components/acount/createAcount.js: Using EditorConfig core...
reactcrud/src/components/acount/createAcount.js: Using EditorConfig core...
reactcrud/src/components/acount/createAcount.js: Using EditorConfig core...
reactcrud/src/components/acount/createAcount.js: Using EditorConfig core...
reactcrud/src/components/acount/createAcount.js: Using EditorConfig core...
reactcrud/src/components/acount/createAcount.js: Using EditorConfig core...
reactcrud/src/components/acount/createAcount.js: {}
reactcrud/src/components/acount/createAcount.js: Using EditorConfig core...
reactcrud/src/components/acount/createAcount.js: Using EditorConfig core...
reactcrud/src/components/acount/createAcount.js: Using EditorConfig core...
reactcrud/src/components/acount/createAcount.js: Using EditorConfig core...
reactcrud/src/components/acount/createAcount.js: Using EditorConfig core...
reactcrud/src/components/acount/createAcount.js: Using EditorConfig core...
reactcrud/src/components/acount/createAcount.js: Using EditorConfig core...
reactcrud/src/components/acount/createAcount.js: Using EditorConfig core...
reactcrud/src/components/acount/createAcount.js: Using EditorConfig core...
reactcrud/src/components/acount/createAcount.js: Using EditorConfig core...
reactcrud/src/components/acount/createAcount.js: Using EditorConfig core...
reactcrud/src/components/acount/createAcount.js: Using EditorConfig core...
reactcrud/src/components/acount/createAcount.js: {}
reactcrud/src/components/acount/createAcount.js: {}
reactcrud/src/components/acount/createAcount.js: {}
reactcrud/src/components/acount/createAcount.js: {}
reactcrud/src/components/acount/indexAcount.js: {}
reactcrud/src/components/acount/createAcount.js: {}
reactcrud/src/components/acount/createAcount.js: {}
reactcrud/src/components/acount/createAcount.js: {}
reactcrud/src/components/acount/createAcount.js: Using EditorConfig core...
reactcrud/src/components/acount/createAcount.js: Using EditorConfig core...
reactcrud/src/components/acount/createAcount.js: Using EditorConfig core...
reactcrud/src/components/acount/createAcount.js: Using EditorConfig core...
reactcrud/src/components/acount/createAcount.js: Using EditorConfig core...
reactcrud/src/components/acount/createAcount.js: Using EditorConfig core...
reactcrud/src/components/acount/createAcount.js: Using EditorConfig core...
reactcrud/src/components/acount/createAcount.js: {}
reactcrud/src/components/acount/createAcount.js: {}
reactcrud/src/components/acount/createAcount.js: Using EditorConfig core...
reactcrud/src/components/acount/createAcount.js: Using EditorConfig core...
reactcrud/src/components/acount/createAcount.js: Using EditorConfig core...
reactcrud/src/components/acount/createAcount.js: Using EditorConfig core...
reactcrud/src/components/acount/createAcount.js: {}
reactcrud/src/components/acount/createAcount.js: Using EditorConfig core...
reactcrud/src/components/acount/createAcount.js: Using EditorConfig core...
reactcrud/src/components/acount/createAcount.js: Using EditorConfig core...
reactcrud/src/components/acount/createAcount.js: Using EditorConfig core...
reactcrud/src/components/acount/createAcount.js: Using EditorConfig core...
reactcrud/src/components/acount/createAcount.js: Using EditorConfig core...
reactcrud/src/components/acount/createAcount.js: Using EditorConfig core...
reactcrud/src/components/acount/createAcount.js: Using EditorConfig core...
reactcrud/src/components/acount/createAcount.js: Using EditorConfig core...
reactcrud/src/components/acount/createAcount.js: {}
reactcrud/src/components/acount/createAcount.js: Using EditorConfig core...
