Initializing document watcher...
Detected change in configuration: {}
tabione-front/routes/web.php: {}
tabione-front/routes/web.php: {}
tabione-front/routes/web.php: Using EditorConfig core...
tabione-front/routes/web.php: Using EditorConfig core...
tabione-front/routes/web.php: Using EditorConfig core...
tabione-front/routes/web.php: Using EditorConfig core...
tabione-front/routes/web.php: Using EditorConfig core...
tabione-front/resources/assets/js/vue/components/planList/PlanListSearchForm.vue: {"insertSpaces":true,"tabSize":2}
tabione-front/resources/assets/js/vue/components/planList/PlanListSearchForm.vue: Using EditorConfig core...
resources/assets/js/vue/components/planList/PlanListSearchForm.vue: setEndOfLine(LF)
resources/assets/js/vue/components/planList/PlanListSearchForm.vue: editor.action.trimTrailingWhitespace
tabione-front/resources/assets/js/vue/components/planList/PlanListSearchForm.vue: Using EditorConfig core...
resources/assets/js/vue/components/planList/PlanListSearchForm.vue: setEndOfLine(LF)
resources/assets/js/vue/components/planList/PlanListSearchForm.vue: editor.action.trimTrailingWhitespace
tabione-front/resources/assets/js/vue/components/planList/PlanListSearchForm.vue: Using EditorConfig core...
resources/assets/js/vue/components/planList/PlanListSearchForm.vue: setEndOfLine(LF)
resources/assets/js/vue/components/planList/PlanListSearchForm.vue: editor.action.trimTrailingWhitespace
tabione-front/resources/assets/js/vue/components/planList/PlanListSearchForm.vue: Using EditorConfig core...
resources/assets/js/vue/components/planList/PlanListSearchForm.vue: setEndOfLine(LF)
resources/assets/js/vue/components/planList/PlanListSearchForm.vue: editor.action.trimTrailingWhitespace
tabione-front/resources/assets/js/vue/components/planList/PlanListSearchForm.vue: Using EditorConfig core...
resources/assets/js/vue/components/planList/PlanListSearchForm.vue: setEndOfLine(LF)
resources/assets/js/vue/components/planList/PlanListSearchForm.vue: editor.action.trimTrailingWhitespace
tabione-front/resources/assets/js/vue/components/planList/PlanListSearchForm.vue: {"insertSpaces":true,"tabSize":2}
tabione-front/resources/assets/js/vue/components/planList/PlanListSearchForm.vue: {"insertSpaces":true,"tabSize":2}
tabione-front/resources/assets/js/vue/components/index.js: {"insertSpaces":true,"tabSize":2}
tabione-front/resources/assets/js/vue/components/booking/ReserveList.vue: {"insertSpaces":true,"tabSize":2}
tabione-front/resources/assets/js/vue/components/booking/components/ReserveListItem.vue: {"insertSpaces":true,"tabSize":2}
tabione-front/resources/assets/js/vue/components/booking/components/ReserveListItem.vue: {"insertSpaces":true,"tabSize":2}
tabione-front/resources/assets/js/vue/components/booking/components/ReserveListItem.vue: {"insertSpaces":true,"tabSize":2}
tabione-front/resources/assets/js/vue/components/booking/components/ReserveListItem.vue: Using EditorConfig core...
resources/assets/js/vue/components/booking/components/ReserveListItem.vue: setEndOfLine(LF)
resources/assets/js/vue/components/booking/components/ReserveListItem.vue: editor.action.trimTrailingWhitespace
tabione-front/resources/assets/js/vue/components/booking/components/ReserveListItem.vue: Using EditorConfig core...
resources/assets/js/vue/components/booking/components/ReserveListItem.vue: setEndOfLine(LF)
resources/assets/js/vue/components/booking/components/ReserveListItem.vue: editor.action.trimTrailingWhitespace
tabione-front/resources/assets/js/vue/components/booking/components/ReserveListItem.vue: Using EditorConfig core...
resources/assets/js/vue/components/booking/components/ReserveListItem.vue: setEndOfLine(LF)
resources/assets/js/vue/components/booking/components/ReserveListItem.vue: editor.action.trimTrailingWhitespace
tabione-front/resources/assets/js/vue/components/booking/components/ReserveListItem.vue: Using EditorConfig core...
resources/assets/js/vue/components/booking/components/ReserveListItem.vue: setEndOfLine(LF)
resources/assets/js/vue/components/booking/components/ReserveListItem.vue: editor.action.trimTrailingWhitespace
tabione-front/resources/assets/js/vue/components/booking/components/ReserveListItem.vue: Using EditorConfig core...
resources/assets/js/vue/components/booking/components/ReserveListItem.vue: setEndOfLine(LF)
resources/assets/js/vue/components/booking/components/ReserveListItem.vue: editor.action.trimTrailingWhitespace
tabione-front/resources/assets/js/vue/components/booking/components/ReserveListItem.vue: {"insertSpaces":true,"tabSize":2}
tabione-front/resources/assets/js/vue/components/booking/components/ReserveListItem.vue: Using EditorConfig core...
resources/assets/js/vue/components/booking/components/ReserveListItem.vue: setEndOfLine(LF)
resources/assets/js/vue/components/booking/components/ReserveListItem.vue: editor.action.trimTrailingWhitespace
tabione-front/resources/assets/js/vue/components/booking/components/ReserveListItem.vue: Using EditorConfig core...
resources/assets/js/vue/components/booking/components/ReserveListItem.vue: setEndOfLine(LF)
resources/assets/js/vue/components/booking/components/ReserveListItem.vue: editor.action.trimTrailingWhitespace
tabione-front/resources/assets/js/vue/components/booking/components/ReserveListItem.vue: {"insertSpaces":true,"tabSize":2}
tabione-front/resources/assets/js/vue/components/booking/components/ReserveListItem.vue: {"insertSpaces":true,"tabSize":2}
tabione-front/resources/assets/js/vue/components/booking/components/ReserveListItem.vue: {"insertSpaces":true,"tabSize":2}
tabione-front/resources/assets/js/vue/components/booking/components/ReserveListItem.vue: {"insertSpaces":true,"tabSize":2}
tabione-front/resources/assets/js/vue/components/booking/components/ReserveListItem.vue: {"insertSpaces":true,"tabSize":2}
tabione-front/resources/assets/js/vue/components/planList/PlanListSearchForm.vue: {"insertSpaces":true,"tabSize":2}
tabione-front/resources/assets/js/vue/components/planList/PlanListResult.vue: {"insertSpaces":true,"tabSize":2}
tabione-front/resources/assets/js/vue/components/planList/PlanListResult.vue: {"insertSpaces":true,"tabSize":2}
tabione-front/resources/assets/js/vue/components/jaPlanList/JaPlanListContent.vue: {"insertSpaces":true,"tabSize":2}
tabione-front/resources/assets/js/vue/components/planList/PlanListContent.vue: {"insertSpaces":true,"tabSize":2}
tabione-front/resources/assets/js/vue/components/jaPlanList/JaPlanListContent.vue: {"insertSpaces":true,"tabSize":2}
tabione-front/resources/assets/js/vue/components/planList/PlanListContent.vue: {"insertSpaces":true,"tabSize":2}
tabione-front/resources/assets/js/vue/components/planList/PlanListResult.vue: {"insertSpaces":true,"tabSize":2}
tabione-front/resources/assets/js/vue/components/planList/PlanListContent.vue: {"insertSpaces":true,"tabSize":2}
tabione-front/resources/assets/js/vue/components/planList/PlanListContent.vue: {"insertSpaces":true,"tabSize":2}
tabione-front/resources/assets/js/vue/components/planList/PlanListSearchForm.vue: {"insertSpaces":true,"tabSize":2}
tabione-front/resources/assets/js/vue/components/planList/PlanListContent.vue: {"insertSpaces":true,"tabSize":2}
tabione-front/resources/assets/js/vue/components/booking/components/ReserveListItem.vue: {"insertSpaces":true,"tabSize":2}
tabione-front/resources/assets/js/vue/components/booking/components/ReserveListItem.vue: {"insertSpaces":true,"tabSize":2}
tabione-front/resources/assets/js/vue/components/planList/PlanListContent.vue: {"insertSpaces":true,"tabSize":2}
tabione-front/resources/assets/js/vue/components/booking/components/ReserveListItem.vue: {"insertSpaces":true,"tabSize":2}
tabione-front/resources/assets/js/vue/components/planList/PlanListContent.vue: {"insertSpaces":true,"tabSize":2}
tabione-front/resources/assets/js/vue/components/planList/PlanListSearchForm.vue: {"insertSpaces":true,"tabSize":2}
tabione-front/resources/assets/js/vue/components/planList/PlanListSearchForm.vue: {"insertSpaces":true,"tabSize":2}
tabione-front/resources/assets/js/vue/components/jaPlanList/JaPlanListContent.vue: {"insertSpaces":true,"tabSize":2}
tabione-front/resources/assets/js/vue/components/planList/PlanListResult.vue: {"insertSpaces":true,"tabSize":2}
tabione-front/resources/assets/js/vue/components/planList/PlanListResult.vue: {"insertSpaces":true,"tabSize":2}
tabione-front/resources/assets/js/vue/components/planList/PlanListResult.vue: {"insertSpaces":true,"tabSize":2}
tabione-front/resources/assets/js/vue/components/planList/PlanListResult.vue: {"insertSpaces":true,"tabSize":2}
tabione-front/resources/assets/js/vue/components/planList/PlanListResult.vue: {"insertSpaces":true,"tabSize":2}
tabione-front/resources/assets/js/vue/components/planList/PlanListResult.vue: {"insertSpaces":true,"tabSize":2}
tabione-front/resources/assets/js/vue/components/planList/PlanListResult.vue: {"insertSpaces":true,"tabSize":2}
tabione-front/resources/assets/js/vue/components/planList/PlanListResult.vue: {"insertSpaces":true,"tabSize":2}
tabione-front/resources/assets/js/vue/components/planList/PlanListSearchForm.vue: {"insertSpaces":true,"tabSize":2}
tabione-front/resources/assets/js/vue/components/planList/PlanListResult.vue: {"insertSpaces":true,"tabSize":2}
tabione-front/resources/assets/js/vue/components/booking/components/ReserveListItem.vue: {"insertSpaces":true,"tabSize":2}
tabione-front/resources/assets/js/vue/components/planList/PlanListResult.vue: {"insertSpaces":true,"tabSize":2}
tabione-front/resources/assets/js/vue/components/planList/PlanListSearchForm.vue: {"insertSpaces":true,"tabSize":2}
tabione-front/resources/assets/js/vue/components/planList/PlanListSearchForm.vue: {"insertSpaces":true,"tabSize":2}
tabione-front/resources/assets/js/vue/components/planList/PlanListSearchForm.vue: {"insertSpaces":true,"tabSize":2}
tabione-front/resources/assets/js/vue/components/planList/PlanListSearchForm.vue: {"insertSpaces":true,"tabSize":2}
tabione-front/resources/assets/js/vue/components/planList/PlanListSearchForm.vue: {"insertSpaces":true,"tabSize":2}
tabione-front/resources/assets/js/vue/components/planList/PlanListSearchForm.vue: {"insertSpaces":true,"tabSize":2}
tabione-front/resources/assets/js/vue/components/planList/PlanListSearchForm.vue: {"insertSpaces":true,"tabSize":2}
tabione-front/resources/assets/js/vue/components/planList/PlanListSearchForm.vue: {"insertSpaces":true,"tabSize":2}
tabione-front/resources/assets/js/vue/components/planList/PlanListSearchForm.vue: {"insertSpaces":true,"tabSize":2}
tabione-front/resources/assets/js/vue/components/planList/PlanListSearchForm.vue: {"insertSpaces":true,"tabSize":2}
tabione-front/resources/assets/js/vue/components/planList/PlanListSearchForm.vue: {"insertSpaces":true,"tabSize":2}
tabione-front/resources/assets/js/vue/components/planList/PlanListSearchForm.vue: {"insertSpaces":true,"tabSize":2}
tabione-front/resources/views/layout/head.blade.php: {}
tabione-front/resources/assets/js/vue/components/planList/PlanListSearchForm.vue: {"insertSpaces":true,"tabSize":2}
tabione-front/resources/assets/js/vue/components/planList/PlanListSearchForm.vue: {"insertSpaces":true,"tabSize":2}
tabione-front/resources/views/layout/head.blade.php: {}
tabione-front/resources/assets/js/vue/components/planList/PlanListSearchForm.vue: {"insertSpaces":true,"tabSize":2}
tabione-front/resources/assets/js/vue/components/planList/PlanListSearchForm.vue: Using EditorConfig core...
resources/assets/js/vue/components/planList/PlanListSearchForm.vue: setEndOfLine(LF)
resources/assets/js/vue/components/planList/PlanListSearchForm.vue: editor.action.trimTrailingWhitespace
tabione-front/resources/assets/js/vue/components/planList/PlanListSearchForm.vue: {"insertSpaces":true,"tabSize":2}
tabione-front/resources/assets/js/vue/components/planList/PlanListSearchForm.vue: {"insertSpaces":true,"tabSize":2}
tabione-front/resources/assets/js/vue/components/planList/PlanListSearchForm.vue: {"insertSpaces":true,"tabSize":2}
tabione-front/resources/assets/js/vue/components/planList/PlanListSearchForm.vue: {"insertSpaces":true,"tabSize":2}
tabione-front/resources/assets/js/vue/components/planList/PlanListSearchForm.vue: {"insertSpaces":true,"tabSize":2}
tabione-front/resources/assets/js/vue/components/planList/PlanListSearchForm.vue: {"insertSpaces":true,"tabSize":2}
tabione-front/resources/assets/js/vue/components/planList/PlanListSearchForm.vue: {"insertSpaces":true,"tabSize":2}
tabione-front/resources/assets/js/vue/components/planList/PlanListSearchForm.vue: {"insertSpaces":true,"tabSize":2}
tabione-front/resources/assets/js/vue/components/planList/PlanListSearchForm.vue: Using EditorConfig core...
resources/assets/js/vue/components/planList/PlanListSearchForm.vue: setEndOfLine(LF)
resources/assets/js/vue/components/planList/PlanListSearchForm.vue: editor.action.trimTrailingWhitespace
tabione-front/resources/assets/js/vue/components/planList/PlanListSearchForm.vue: Using EditorConfig core...
resources/assets/js/vue/components/planList/PlanListSearchForm.vue: setEndOfLine(LF)
resources/assets/js/vue/components/planList/PlanListSearchForm.vue: editor.action.trimTrailingWhitespace
tabione-front/resources/assets/js/vue/components/planList/PlanListSearchForm.vue: Using EditorConfig core...
resources/assets/js/vue/components/planList/PlanListSearchForm.vue: setEndOfLine(LF)
resources/assets/js/vue/components/planList/PlanListSearchForm.vue: editor.action.trimTrailingWhitespace
tabione-front/resources/assets/js/vue/components/planList/PlanListSearchForm.vue: Using EditorConfig core...
resources/assets/js/vue/components/planList/PlanListSearchForm.vue: setEndOfLine(LF)
resources/assets/js/vue/components/planList/PlanListSearchForm.vue: editor.action.trimTrailingWhitespace
tabione-front/resources/assets/js/vue/components/planList/PlanListSearchForm.vue: Using EditorConfig core...
resources/assets/js/vue/components/planList/PlanListSearchForm.vue: setEndOfLine(LF)
resources/assets/js/vue/components/planList/PlanListSearchForm.vue: editor.action.trimTrailingWhitespace
tabione-front/resources/assets/js/vue/components/planList/PlanListSearchForm.vue: Using EditorConfig core...
resources/assets/js/vue/components/planList/PlanListSearchForm.vue: setEndOfLine(LF)
resources/assets/js/vue/components/planList/PlanListSearchForm.vue: editor.action.trimTrailingWhitespace
tabione-front/resources/assets/js/vue/components/planList/PlanListSearchForm.vue: Using EditorConfig core...
resources/assets/js/vue/components/planList/PlanListSearchForm.vue: setEndOfLine(LF)
resources/assets/js/vue/components/planList/PlanListSearchForm.vue: editor.action.trimTrailingWhitespace
tabione-front/resources/assets/js/vue/components/planList/PlanListSearchForm.vue: Using EditorConfig core...
resources/assets/js/vue/components/planList/PlanListSearchForm.vue: setEndOfLine(LF)
resources/assets/js/vue/components/planList/PlanListSearchForm.vue: editor.action.trimTrailingWhitespace
tabione-front/resources/assets/js/vue/components/planList/PlanListSearchForm.vue: {"insertSpaces":true,"tabSize":2}
tabione-front/resources/assets/js/vue/components/booking/components/ReserveListItem.vue: {"insertSpaces":true,"tabSize":2}
tabione-front/resources/assets/js/vue/components/planList/PlanListResult.vue: {"insertSpaces":true,"tabSize":2}
tabione-front/resources/assets/js/vue/components/planList/PlanListResult.vue: {"insertSpaces":true,"tabSize":2}
tabione-front/resources/assets/js/vue/components/planList/PlanListResult.vue: {"insertSpaces":true,"tabSize":2}
tabione-front/resources/assets/js/vue/components/planList/PlanListResult.vue: {"insertSpaces":true,"tabSize":2}
tabione-front/resources/assets/js/vue/components/planList/PlanListResult.vue: {"insertSpaces":true,"tabSize":2}
tabione-front/resources/assets/js/vue/components/planList/PlanListResult.vue: {"insertSpaces":true,"tabSize":2}
tabione-front/resources/assets/js/vue/components/planList/PlanListResult.vue: {"insertSpaces":true,"tabSize":2}
tabione-front/resources/assets/js/vue/components/planList/PlanListResult.vue: {"insertSpaces":true,"tabSize":2}
tabione-front/resources/assets/js/vue/components/planList/PlanListResult.vue: {"insertSpaces":true,"tabSize":2}
tabione-front/resources/assets/js/vue/components/planList/PlanListResult.vue: {"insertSpaces":true,"tabSize":2}
tabione-front/resources/assets/js/vue/components/planList/PlanListResult.vue: {"insertSpaces":true,"tabSize":2}
tabione-front/resources/assets/js/vue/components/booking/components/ReserveListItem.vue: {"insertSpaces":true,"tabSize":2}
tabione-front/resources/assets/js/vue/components/planList/PlanListResult.vue: {"insertSpaces":true,"tabSize":2}
tabione-front/resources/assets/js/vue/components/planList/PlanListResult.vue: {"insertSpaces":true,"tabSize":2}
tabione-front/resources/assets/js/vue/components/planList/PlanListSearchForm.vue: {"insertSpaces":true,"tabSize":2}
