[2019-07-12 13:03:02.601] [exthost] [info] extension host started
[2019-07-12 13:03:02.948] [exthost] [info] ExtensionService#_doActivateExtension vscode.debug-auto-launch {"startup":true,"activationEvent":"*"}
[2019-07-12 13:03:02.948] [exthost] [info] ExtensionService#loadCommonJSModule /usr/share/code/resources/app/extensions/debug-auto-launch/dist/extension
[2019-07-12 13:03:03.153] [exthost] [info] ExtensionService#_doActivateExtension vscode.emmet {"startup":true,"activationEvent":"*"}
[2019-07-12 13:03:03.153] [exthost] [info] ExtensionService#loadCommonJSModule /usr/share/code/resources/app/extensions/emmet/dist/extension
[2019-07-12 13:03:03.333] [exthost] [info] ExtensionService#_doActivateExtension vscode.git {"startup":true,"activationEvent":"*"}
[2019-07-12 13:03:03.333] [exthost] [info] ExtensionService#loadCommonJSModule /usr/share/code/resources/app/extensions/git/dist/main
[2019-07-12 13:03:03.493] [exthost] [info] ExtensionService#_doActivateExtension vscode.merge-conflict {"startup":true,"activationEvent":"*"}
[2019-07-12 13:03:03.493] [exthost] [info] ExtensionService#loadCommonJSModule /usr/share/code/resources/app/extensions/merge-conflict/dist/extension
[2019-07-12 13:03:03.592] [exthost] [info] ExtensionService#_doActivateExtension EditorConfig.EditorConfig {"startup":true,"activationEvent":"*"}
[2019-07-12 13:03:03.592] [exthost] [info] ExtensionService#loadCommonJSModule /home/admin123/.vscode/extensions/editorconfig.editorconfig-0.13.0/out/src/editorConfigMain
[2019-07-12 13:03:04.273] [exthost] [info] ExtensionService#_doActivateExtension formulahendry.auto-close-tag {"startup":true,"activationEvent":"*"}
[2019-07-12 13:03:04.273] [exthost] [info] ExtensionService#loadCommonJSModule /home/admin123/.vscode/extensions/formulahendry.auto-close-tag-0.5.6/out/src/extension
[2019-07-12 13:03:04.334] [exthost] [info] ExtensionService#_doActivateExtension formulahendry.auto-rename-tag {"startup":true,"activationEvent":"*"}
[2019-07-12 13:03:04.334] [exthost] [info] ExtensionService#loadCommonJSModule /home/admin123/.vscode/extensions/formulahendry.auto-rename-tag-0.1.0/out/src/extension
[2019-07-12 13:03:04.364] [exthost] [info] ExtensionService#_doActivateExtension vscode-icons-team.vscode-icons {"startup":true,"activationEvent":"*"}
[2019-07-12 13:03:04.364] [exthost] [info] ExtensionService#loadCommonJSModule /home/admin123/.vscode/extensions/vscode-icons-team.vscode-icons-8.8.0/out/src/
[2019-07-12 13:03:05.892] [exthost] [info] ExtensionService#_doActivateExtension Zignd.html-css-class-completion {"startup":true,"activationEvent":"*"}
[2019-07-12 13:03:05.892] [exthost] [info] ExtensionService#loadCommonJSModule /home/admin123/.vscode/extensions/zignd.html-css-class-completion-1.19.0/out/src/extension
[2019-07-12 13:03:08.622] [exthost] [info] eager extensions activated
[2019-07-12 13:03:29.280] [exthost] [info] extension host started
[2019-07-12 13:03:29.306] [exthost] [info] ExtensionService#_doActivateExtension vscode.debug-auto-launch {"startup":true,"activationEvent":"*"}
[2019-07-12 13:03:29.306] [exthost] [info] ExtensionService#loadCommonJSModule /usr/share/code/resources/app/extensions/debug-auto-launch/dist/extension
[2019-07-12 13:03:29.310] [exthost] [info] ExtensionService#_doActivateExtension vscode.emmet {"startup":true,"activationEvent":"*"}
[2019-07-12 13:03:29.310] [exthost] [info] ExtensionService#loadCommonJSModule /usr/share/code/resources/app/extensions/emmet/dist/extension
[2019-07-12 13:03:29.326] [exthost] [info] ExtensionService#_doActivateExtension vscode.git {"startup":true,"activationEvent":"*"}
[2019-07-12 13:03:29.326] [exthost] [info] ExtensionService#loadCommonJSModule /usr/share/code/resources/app/extensions/git/dist/main
[2019-07-12 13:03:29.431] [exthost] [info] ExtensionService#_doActivateExtension vscode.merge-conflict {"startup":true,"activationEvent":"*"}
[2019-07-12 13:03:29.431] [exthost] [info] ExtensionService#loadCommonJSModule /usr/share/code/resources/app/extensions/merge-conflict/dist/extension
[2019-07-12 13:03:29.438] [exthost] [info] ExtensionService#_doActivateExtension EditorConfig.EditorConfig {"startup":true,"activationEvent":"*"}
[2019-07-12 13:03:29.438] [exthost] [info] ExtensionService#loadCommonJSModule /home/admin123/.vscode/extensions/editorconfig.editorconfig-0.13.0/out/src/editorConfigMain
[2019-07-12 13:03:29.464] [exthost] [info] ExtensionService#_doActivateExtension formulahendry.auto-close-tag {"startup":true,"activationEvent":"*"}
[2019-07-12 13:03:29.464] [exthost] [info] ExtensionService#loadCommonJSModule /home/admin123/.vscode/extensions/formulahendry.auto-close-tag-0.5.6/out/src/extension
[2019-07-12 13:03:29.465] [exthost] [info] ExtensionService#_doActivateExtension formulahendry.auto-rename-tag {"startup":true,"activationEvent":"*"}
[2019-07-12 13:03:29.465] [exthost] [info] ExtensionService#loadCommonJSModule /home/admin123/.vscode/extensions/formulahendry.auto-rename-tag-0.1.0/out/src/extension
[2019-07-12 13:03:29.467] [exthost] [info] ExtensionService#_doActivateExtension vscode-icons-team.vscode-icons {"startup":true,"activationEvent":"*"}
[2019-07-12 13:03:29.467] [exthost] [info] ExtensionService#loadCommonJSModule /home/admin123/.vscode/extensions/vscode-icons-team.vscode-icons-8.8.0/out/src/
[2019-07-12 13:03:29.585] [exthost] [info] ExtensionService#_doActivateExtension Zignd.html-css-class-completion {"startup":true,"activationEvent":"*"}
[2019-07-12 13:03:29.585] [exthost] [info] ExtensionService#loadCommonJSModule /home/admin123/.vscode/extensions/zignd.html-css-class-completion-1.19.0/out/src/extension
[2019-07-12 13:03:30.023] [exthost] [info] eager extensions activated
[2019-07-12 13:04:29.561] [exthost] [info] ExtensionService#_doActivateExtension vscode.typescript-language-features {"startup":false,"activationEvent":"onLanguage:javascript"}
[2019-07-12 13:04:29.561] [exthost] [info] ExtensionService#loadCommonJSModule /usr/share/code/resources/app/extensions/typescript-language-features/dist/extension
[2019-07-12 13:04:56.741] [exthost] [info] ExtensionService#_doActivateExtension vscode.extension-editing {"startup":false,"activationEvent":"onLanguage:typescript"}
[2019-07-12 13:04:56.741] [exthost] [info] ExtensionService#loadCommonJSModule /usr/share/code/resources/app/extensions/extension-editing/dist/extension
[2019-07-12 14:42:04.754] [exthost] [info] ExtensionService#_doActivateExtension vscode.configuration-editing {"startup":false,"activationEvent":"onLanguage:json"}
[2019-07-12 14:42:04.754] [exthost] [info] ExtensionService#loadCommonJSModule /usr/share/code/resources/app/extensions/configuration-editing/dist/extension
[2019-07-12 14:42:04.899] [exthost] [info] ExtensionService#_doActivateExtension vscode.json-language-features {"startup":false,"activationEvent":"onLanguage:json"}
[2019-07-12 14:42:04.899] [exthost] [info] ExtensionService#loadCommonJSModule /usr/share/code/resources/app/extensions/json-language-features/client/dist/jsonMain
[2019-07-12 14:42:05.508] [exthost] [info] ExtensionService#_doActivateExtension vscode.npm {"startup":false,"activationEvent":"onLanguage:json"}
[2019-07-12 14:42:05.508] [exthost] [info] ExtensionService#loadCommonJSModule /usr/share/code/resources/app/extensions/npm/dist/main
[2019-07-12 15:14:27.938] [exthost] [info] extension host started
[2019-07-12 15:14:28.130] [exthost] [info] ExtensionService#_doActivateExtension vscode.debug-auto-launch {"startup":true,"activationEvent":"*"}
[2019-07-12 15:14:28.130] [exthost] [info] ExtensionService#loadCommonJSModule /usr/share/code/resources/app/extensions/debug-auto-launch/dist/extension
[2019-07-12 15:14:28.175] [exthost] [info] ExtensionService#_doActivateExtension vscode.emmet {"startup":true,"activationEvent":"*"}
[2019-07-12 15:14:28.175] [exthost] [info] ExtensionService#loadCommonJSModule /usr/share/code/resources/app/extensions/emmet/dist/extension
[2019-07-12 15:14:28.315] [exthost] [info] ExtensionService#_doActivateExtension vscode.git {"startup":true,"activationEvent":"*"}
[2019-07-12 15:14:28.315] [exthost] [info] ExtensionService#loadCommonJSModule /usr/share/code/resources/app/extensions/git/dist/main
[2019-07-12 15:14:28.516] [exthost] [info] ExtensionService#_doActivateExtension vscode.merge-conflict {"startup":true,"activationEvent":"*"}
[2019-07-12 15:14:28.517] [exthost] [info] ExtensionService#loadCommonJSModule /usr/share/code/resources/app/extensions/merge-conflict/dist/extension
[2019-07-12 15:14:28.561] [exthost] [info] ExtensionService#_doActivateExtension EditorConfig.EditorConfig {"startup":true,"activationEvent":"*"}
[2019-07-12 15:14:28.561] [exthost] [info] ExtensionService#loadCommonJSModule /home/admin123/.vscode/extensions/editorconfig.editorconfig-0.13.0/out/src/editorConfigMain
[2019-07-12 15:14:28.972] [exthost] [info] ExtensionService#_doActivateExtension formulahendry.auto-close-tag {"startup":true,"activationEvent":"*"}
[2019-07-12 15:14:28.972] [exthost] [info] ExtensionService#loadCommonJSModule /home/admin123/.vscode/extensions/formulahendry.auto-close-tag-0.5.6/out/src/extension
[2019-07-12 15:14:28.992] [exthost] [info] ExtensionService#_doActivateExtension formulahendry.auto-rename-tag {"startup":true,"activationEvent":"*"}
[2019-07-12 15:14:28.992] [exthost] [info] ExtensionService#loadCommonJSModule /home/admin123/.vscode/extensions/formulahendry.auto-rename-tag-0.1.0/out/src/extension
[2019-07-12 15:14:29.040] [exthost] [info] ExtensionService#_doActivateExtension vscode-icons-team.vscode-icons {"startup":true,"activationEvent":"*"}
[2019-07-12 15:14:29.045] [exthost] [info] ExtensionService#loadCommonJSModule /home/admin123/.vscode/extensions/vscode-icons-team.vscode-icons-8.8.0/out/src/
[2019-07-12 15:14:29.541] [exthost] [info] ExtensionService#_doActivateExtension Zignd.html-css-class-completion {"startup":true,"activationEvent":"*"}
[2019-07-12 15:14:29.541] [exthost] [info] ExtensionService#loadCommonJSModule /home/admin123/.vscode/extensions/zignd.html-css-class-completion-1.19.0/out/src/extension
[2019-07-12 15:14:33.655] [exthost] [info] eager extensions activated
[2019-07-12 15:16:20.199] [exthost] [info] ExtensionService#_doActivateExtension vscode.php-language-features {"startup":false,"activationEvent":"onLanguage:php"}
[2019-07-12 15:16:20.199] [exthost] [info] ExtensionService#loadCommonJSModule /usr/share/code/resources/app/extensions/php-language-features/dist/phpMain
[2019-07-12 15:18:09.811] [exthost] [info] ExtensionService#_doActivateExtension octref.vetur {"startup":false,"activationEvent":"onLanguage:vue"}
[2019-07-12 15:18:09.811] [exthost] [info] ExtensionService#loadCommonJSModule /home/admin123/.vscode/extensions/octref.vetur-0.21.1/dist/client/vueMain
[2019-07-12 15:18:36.114] [exthost] [info] ExtensionService#_doActivateExtension vscode.extension-editing {"startup":false,"activationEvent":"onLanguage:typescript"}
[2019-07-12 15:18:36.114] [exthost] [info] ExtensionService#loadCommonJSModule /usr/share/code/resources/app/extensions/extension-editing/dist/extension
[2019-07-12 15:18:36.279] [exthost] [info] ExtensionService#_doActivateExtension vscode.typescript-language-features {"startup":false,"activationEvent":"onLanguage:typescript"}
[2019-07-12 15:18:36.279] [exthost] [info] ExtensionService#loadCommonJSModule /usr/share/code/resources/app/extensions/typescript-language-features/dist/extension
[2019-07-12 16:38:06.125] [exthost] [info] ExtensionService#_doActivateExtension onecentlin.laravel-blade {"startup":false,"activationEvent":"onLanguage:blade"}
[2019-07-12 16:38:06.125] [exthost] [info] ExtensionService#loadCommonJSModule /home/admin123/.vscode/extensions/onecentlin.laravel-blade-1.20.0/out/src/extension
