[2019-07-14 21:02:05.910] [sharedprocess] [info] main {"machineId":"afc5ce7dad504a4107ee7a08e50681437105fc8b948a252278ca65ef15607503"}
[2019-07-14 21:02:06.169] [sharedprocess] [info] Scanned user extensions: 15
[2019-07-14 21:02:06.258] [sharedprocess] [info] Scanned user extensions: 15
[2019-07-14 21:02:06.294] [sharedprocess] [info] Deleted from disk zhuangtongfa.material-theme /home/admin123/.vscode/extensions/zhuangtongfa.material-theme-2.25.3
[2019-07-14 21:02:06.299] [sharedprocess] [info] Scanned user extensions: 15
[2019-07-14 21:02:06.334] [sharedprocess] [info] Scanned system extensions: 72
[2019-07-14 21:02:06.351] [sharedprocess] [info] Scanned system extensions: 72
[2019-07-14 21:02:06.364] [sharedprocess] [info] Scanned system extensions: 72
[2019-07-14 21:02:07.658] [sharedprocess] [info] Scanned user extensions: 15
[2019-07-14 21:02:24.028] [sharedprocess] [info] Scanned user extensions: 15
[2019-07-14 21:02:24.033] [sharedprocess] [info] Scanned user extensions: 15
[2019-07-14 21:02:24.188] [sharedprocess] [info] Scanned system extensions: 72
[2019-07-14 21:02:24.207] [sharedprocess] [info] Scanned system extensions: 72
[2019-07-14 21:02:26.063] [sharedprocess] [info] Scanned user extensions: 15
[2019-07-14 21:02:45.939] [sharedprocess] [info] Starting to clean up unused language packs.
[2019-07-14 21:07:26.301] [sharedprocess] [info] Scanned user extensions: 15
[2019-07-14 21:12:26.334] [sharedprocess] [info] Scanned user extensions: 15
[2019-07-14 21:17:26.418] [sharedprocess] [info] Scanned user extensions: 15
[2019-07-14 21:22:26.577] [sharedprocess] [info] Scanned user extensions: 15
[2019-07-14 21:27:26.709] [sharedprocess] [info] Scanned user extensions: 15
[2019-07-14 21:32:26.762] [sharedprocess] [info] Scanned user extensions: 15
[2019-07-14 21:37:26.897] [sharedprocess] [info] Scanned user extensions: 15
[2019-07-14 21:42:27.049] [sharedprocess] [info] Scanned user extensions: 15
[2019-07-14 21:47:27.097] [sharedprocess] [info] Scanned user extensions: 15
[2019-07-14 21:52:27.238] [sharedprocess] [info] Scanned user extensions: 15
[2019-07-14 21:57:27.268] [sharedprocess] [info] Scanned user extensions: 15
